---------------------------------------------------------------
[ 2019-02-15T20:03:47+08:00 ] 127.0.0.1 GET localhost/
[运行时间：1.289803s] [吞吐率：0.78req/s] [内存消耗：1,326.44kb] [文件加载：38]
[ info ] [ LANG ] D:\server\nginx\html\phpapp\thinkphp\lang\zh-cn.php
[ info ] [ ROUTE ] array (
  'type' => 'module',
  'module' => 
  array (
    0 => '',
    1 => NULL,
    2 => NULL,
  ),
)
[ info ] [ HEADER ] array (
  'cookie' => 'thinkphp_show_page_trace=0|0',
  'accept-language' => 'zh-CN,zh;q=0.9',
  'accept-encoding' => 'gzip, deflate, br',
  'accept' => 'text/html,application/xhtml+xml,application/xml;q=0.9,image/webp,image/apng,*/*;q=0.8',
  'user-agent' => 'Mozilla/5.0 (Windows NT 6.3; Win64; x64) AppleWebKit/537.36 (KHTML, like Gecko) Chrome/70.0.3538.102 Safari/537.36',
  'upgrade-insecure-requests' => '1',
  'connection' => 'keep-alive',
  'host' => 'localhost',
  'content-length' => '',
  'content-type' => '',
)
[ info ] [ PARAM ] array (
)
[ info ] [ RUN ] app\blog\controller\Index->index[ D:\server\nginx\html\phpapp\application\blog\controller\Index.php ]
[ info ] [ VIEW ] D:\server\nginx\html/phpapp/application/blog\view\blog\blog.html [ array (
) ]
[ info ] [ LOG ] INIT File
---------------------------------------------------------------
[ 2019-02-15T20:03:50+08:00 ] 127.0.0.1 GET localhost/login
[运行时间：0.086298s] [吞吐率：11.59req/s] [内存消耗：1,321.02kb] [文件加载：38]
[ info ] [ LANG ] D:\server\nginx\html\phpapp\thinkphp\lang\zh-cn.php
[ info ] [ ROUTE ] array (
  'type' => 'module',
  'module' => 
  array (
    0 => 'login',
    1 => NULL,
    2 => NULL,
  ),
)
[ info ] [ HEADER ] array (
  'cookie' => 'thinkphp_show_page_trace=0|0',
  'accept-language' => 'zh-CN,zh;q=0.9',
  'accept-encoding' => 'gzip, deflate, br',
  'referer' => 'http://localhost/',
  'accept' => 'text/html,application/xhtml+xml,application/xml;q=0.9,image/webp,image/apng,*/*;q=0.8',
  'user-agent' => 'Mozilla/5.0 (Windows NT 6.3; Win64; x64) AppleWebKit/537.36 (KHTML, like Gecko) Chrome/70.0.3538.102 Safari/537.36',
  'upgrade-insecure-requests' => '1',
  'connection' => 'keep-alive',
  'host' => 'localhost',
  'content-length' => '',
  'content-type' => '',
)
[ info ] [ PARAM ] array (
)
[ info ] [ RUN ] app\login\controller\Index->index[ D:\server\nginx\html\phpapp\application\login\controller\Index.php ]
[ info ] [ VIEW ] D:\server\nginx\html/phpapp/application/login\view\login\login.html [ array (
) ]
[ info ] [ LOG ] INIT File
---------------------------------------------------------------
[ 2019-02-15T20:03:58+08:00 ] 127.0.0.1 GET localhost/admin
[运行时间：6.426381s] [吞吐率：0.16req/s] [内存消耗：2,459.51kb] [文件加载：45]
[ info ] [ LANG ] D:\server\nginx\html\phpapp\thinkphp\lang\zh-cn.php
[ info ] [ ROUTE ] array (
  'type' => 'module',
  'module' => 
  array (
    0 => 'admin',
    1 => NULL,
    2 => NULL,
  ),
)
[ info ] [ HEADER ] array (
  'cookie' => 'thinkphp_show_page_trace=0|0',
  'accept-language' => 'zh-CN,zh;q=0.9',
  'accept-encoding' => 'gzip, deflate, br',
  'referer' => 'http://localhost/login',
  'accept' => 'text/html,application/xhtml+xml,application/xml;q=0.9,image/webp,image/apng,*/*;q=0.8',
  'user-agent' => 'Mozilla/5.0 (Windows NT 6.3; Win64; x64) AppleWebKit/537.36 (KHTML, like Gecko) Chrome/70.0.3538.102 Safari/537.36',
  'upgrade-insecure-requests' => '1',
  'connection' => 'keep-alive',
  'host' => 'localhost',
  'content-length' => '',
  'content-type' => '',
)
[ info ] [ PARAM ] array (
)
[ info ] [ RUN ] app\admin\controller\Index->index[ D:\server\nginx\html\phpapp\application\admin\controller\Index.php ]
[ info ] [ DB ] INIT mysql
[ info ] [ VIEW ] D:\server\nginx\html/phpapp/application/admin\view\admin\admin.html [ array (
  0 => 'catelist',
) ]
[ info ] [ LOG ] INIT File
[ sql ] [ DB ] CONNECT:[ UseTime:3.537283s ] mysql:host=127.0.0.1;port=3306;dbname=tp;charset=utf8
[ sql ] [ SQL ] SHOW COLUMNS FROM `think_cate` [ RunTime:2.101191s ]
[ sql ] [ SQL ] SELECT * FROM `think_cate` [ RunTime:0.073874s ]
[ sql ] [ EXPLAIN : array (
  'id' => 1,
  'select_type' => 'SIMPLE',
  'table' => 'think_cate',
  'partitions' => NULL,
  'type' => 'ALL',
  'possible_keys' => NULL,
  'key' => NULL,
  'key_len' => NULL,
  'ref' => NULL,
  'rows' => 4,
  'filtered' => 100.0,
  'extra' => NULL,
) ]
---------------------------------------------------------------
[ 2019-02-15T20:03:59+08:00 ] 127.0.0.1 GET localhost/admin
[运行时间：0.307395s] [吞吐率：3.25req/s] [内存消耗：2,459.51kb] [文件加载：45]
[ info ] [ LANG ] D:\server\nginx\html\phpapp\thinkphp\lang\zh-cn.php
[ info ] [ ROUTE ] array (
  'type' => 'module',
  'module' => 
  array (
    0 => 'admin',
    1 => NULL,
    2 => NULL,
  ),
)
[ info ] [ HEADER ] array (
  'cookie' => 'thinkphp_show_page_trace=0|0',
  'accept-language' => 'zh-CN,zh;q=0.9',
  'accept-encoding' => 'gzip, deflate, br',
  'referer' => 'http://localhost/login',
  'accept' => 'text/html,application/xhtml+xml,application/xml;q=0.9,image/webp,image/apng,*/*;q=0.8',
  'user-agent' => 'Mozilla/5.0 (Windows NT 6.3; Win64; x64) AppleWebKit/537.36 (KHTML, like Gecko) Chrome/70.0.3538.102 Safari/537.36',
  'upgrade-insecure-requests' => '1',
  'connection' => 'keep-alive',
  'host' => 'localhost',
  'content-length' => '',
  'content-type' => '',
)
[ info ] [ PARAM ] array (
)
[ info ] [ RUN ] app\admin\controller\Index->index[ D:\server\nginx\html\phpapp\application\admin\controller\Index.php ]
[ info ] [ DB ] INIT mysql
[ info ] [ VIEW ] D:\server\nginx\html/phpapp/application/admin\view\admin\admin.html [ array (
  0 => 'catelist',
) ]
[ info ] [ LOG ] INIT File
[ sql ] [ DB ] CONNECT:[ UseTime:0.081994s ] mysql:host=127.0.0.1;port=3306;dbname=tp;charset=utf8
[ sql ] [ SQL ] SHOW COLUMNS FROM `think_cate` [ RunTime:0.151171s ]
[ sql ] [ SQL ] SELECT * FROM `think_cate` [ RunTime:0.002089s ]
[ sql ] [ EXPLAIN : array (
  'id' => 1,
  'select_type' => 'SIMPLE',
  'table' => 'think_cate',
  'partitions' => NULL,
  'type' => 'ALL',
  'possible_keys' => NULL,
  'key' => NULL,
  'key_len' => NULL,
  'ref' => NULL,
  'rows' => 4,
  'filtered' => 100.0,
  'extra' => NULL,
) ]
---------------------------------------------------------------
[ 2019-02-15T20:03:59+08:00 ] 127.0.0.1 GET localhost/admin
[运行时间：0.225816s] [吞吐率：4.43req/s] [内存消耗：2,459.51kb] [文件加载：45]
[ info ] [ LANG ] D:\server\nginx\html\phpapp\thinkphp\lang\zh-cn.php
[ info ] [ ROUTE ] array (
  'type' => 'module',
  'module' => 
  array (
    0 => 'admin',
    1 => NULL,
    2 => NULL,
  ),
)
[ info ] [ HEADER ] array (
  'cookie' => 'thinkphp_show_page_trace=0|0',
  'accept-language' => 'zh-CN,zh;q=0.9',
  'accept-encoding' => 'gzip, deflate, br',
  'referer' => 'http://localhost/login',
  'accept' => 'text/html,application/xhtml+xml,application/xml;q=0.9,image/webp,image/apng,*/*;q=0.8',
  'user-agent' => 'Mozilla/5.0 (Windows NT 6.3; Win64; x64) AppleWebKit/537.36 (KHTML, like Gecko) Chrome/70.0.3538.102 Safari/537.36',
  'upgrade-insecure-requests' => '1',
  'connection' => 'keep-alive',
  'host' => 'localhost',
  'content-length' => '',
  'content-type' => '',
)
[ info ] [ PARAM ] array (
)
[ info ] [ RUN ] app\admin\controller\Index->index[ D:\server\nginx\html\phpapp\application\admin\controller\Index.php ]
[ info ] [ DB ] INIT mysql
[ info ] [ VIEW ] D:\server\nginx\html/phpapp/application/admin\view\admin\admin.html [ array (
  0 => 'catelist',
) ]
[ info ] [ LOG ] INIT File
[ sql ] [ DB ] CONNECT:[ UseTime:0.029225s ] mysql:host=127.0.0.1;port=3306;dbname=tp;charset=utf8
[ sql ] [ SQL ] SHOW COLUMNS FROM `think_cate` [ RunTime:0.135036s ]
[ sql ] [ SQL ] SELECT * FROM `think_cate` [ RunTime:0.004886s ]
[ sql ] [ EXPLAIN : array (
  'id' => 1,
  'select_type' => 'SIMPLE',
  'table' => 'think_cate',
  'partitions' => NULL,
  'type' => 'ALL',
  'possible_keys' => NULL,
  'key' => NULL,
  'key_len' => NULL,
  'ref' => NULL,
  'rows' => 4,
  'filtered' => 100.0,
  'extra' => NULL,
) ]
---------------------------------------------------------------
[ 2019-02-15T20:04:01+08:00 ] 127.0.0.1 GET localhost/admin/blog/queryblog/action/getbloglist?page=1&limit=10
[运行时间：1.154795s] [吞吐率：0.87req/s] [内存消耗：2,516.70kb] [文件加载：47]
[ info ] [ LANG ] D:\server\nginx\html\phpapp\thinkphp\lang\zh-cn.php
[ info ] [ ROUTE ] array (
  'type' => 'module',
  'module' => 
  array (
    0 => 'admin',
    1 => 'blog',
    2 => 'queryblog',
  ),
)
[ info ] [ HEADER ] array (
  'cookie' => 'thinkphp_show_page_trace=0|0',
  'accept-language' => 'zh-CN,zh;q=0.9',
  'accept-encoding' => 'gzip, deflate, br',
  'referer' => 'http://localhost/admin',
  'user-agent' => 'Mozilla/5.0 (Windows NT 6.3; Win64; x64) AppleWebKit/537.36 (KHTML, like Gecko) Chrome/70.0.3538.102 Safari/537.36',
  'x-requested-with' => 'XMLHttpRequest',
  'accept' => 'application/json, text/javascript, */*; q=0.01',
  'connection' => 'keep-alive',
  'host' => 'localhost',
  'content-length' => '',
  'content-type' => '',
)
[ info ] [ PARAM ] array (
  'page' => '1',
  'limit' => '10',
  'action' => 'getbloglist',
)
[ info ] [ RUN ] app\admin\controller\Blog->queryblog[ D:\server\nginx\html\phpapp\application\admin\controller\Blog.php ]
[ info ] [ DB ] INIT mysql
[ info ] [ LOG ] INIT File
[ sql ] [ DB ] CONNECT:[ UseTime:0.030513s ] mysql:host=127.0.0.1;port=3306;dbname=tp;charset=utf8
[ sql ] [ SQL ] SHOW COLUMNS FROM `think_blog` [ RunTime:0.065708s ]
[ sql ] [ SQL ] SELECT * FROM `think_blog` WHERE  `delete_time` IS NULL LIMIT 0,10 [ RunTime:0.164767s ]
[ sql ] [ EXPLAIN : array (
  'id' => 1,
  'select_type' => 'SIMPLE',
  'table' => 'think_blog',
  'partitions' => NULL,
  'type' => 'ALL',
  'possible_keys' => NULL,
  'key' => NULL,
  'key_len' => NULL,
  'ref' => NULL,
  'rows' => 3,
  'filtered' => 33.333335876464844,
  'extra' => 'Using where',
) ]
[ sql ] [ SQL ] SELECT COUNT(*) AS tp_count FROM `think_blog` WHERE  `delete_time` IS NULL LIMIT 1 [ RunTime:0.046442s ]
[ sql ] [ EXPLAIN : array (
  'id' => 1,
  'select_type' => 'SIMPLE',
  'table' => 'think_blog',
  'partitions' => NULL,
  'type' => 'ALL',
  'possible_keys' => NULL,
  'key' => NULL,
  'key_len' => NULL,
  'ref' => NULL,
  'rows' => 3,
  'filtered' => 33.333335876464844,
  'extra' => 'Using where',
) ]
[ sql ] [ SQL ] SELECT * FROM `think_blog` WHERE  `id` = 1 LIMIT 1 [ RunTime:0.194003s ]
[ sql ] [ EXPLAIN : array (
  'id' => 1,
  'select_type' => 'SIMPLE',
  'table' => 'think_blog',
  'partitions' => NULL,
  'type' => 'const',
  'possible_keys' => 'PRIMARY',
  'key' => 'PRIMARY',
  'key_len' => '4',
  'ref' => 'const',
  'rows' => 1,
  'filtered' => 100.0,
  'extra' => NULL,
) ]
[ sql ] [ SQL ] SHOW COLUMNS FROM `think_cate` [ RunTime:0.002513s ]
[ sql ] [ SQL ] SELECT * FROM `think_cate` WHERE  `id` = 1 LIMIT 1 [ RunTime:0.001481s ]
[ sql ] [ EXPLAIN : array (
  'id' => 1,
  'select_type' => 'SIMPLE',
  'table' => 'think_cate',
  'partitions' => NULL,
  'type' => 'const',
  'possible_keys' => 'PRIMARY',
  'key' => 'PRIMARY',
  'key_len' => '4',
  'ref' => 'const',
  'rows' => 1,
  'filtered' => 100.0,
  'extra' => NULL,
) ]
[ sql ] [ SQL ] SELECT * FROM `think_blog` WHERE  `id` = 1 LIMIT 1 [ RunTime:0.000572s ]
[ sql ] [ EXPLAIN : array (
  'id' => 1,
  'select_type' => 'SIMPLE',
  'table' => 'think_blog',
  'partitions' => NULL,
  'type' => 'const',
  'possible_keys' => 'PRIMARY',
  'key' => 'PRIMARY',
  'key_len' => '4',
  'ref' => 'const',
  'rows' => 1,
  'filtered' => 100.0,
  'extra' => NULL,
) ]
[ sql ] [ SQL ] SHOW COLUMNS FROM `think_blogs_tags` [ RunTime:0.032402s ]
[ sql ] [ SQL ] SHOW COLUMNS FROM `think_tags` [ RunTime:0.065221s ]
[ sql ] [ SQL ] SELECT `think_tags`.*,pivot.id AS pivot__id,pivot.tag_id AS pivot__tag_id,pivot.blog_id AS pivot__blog_id,pivot.create_time AS pivot__create_time,pivot.update_time AS pivot__update_time,pivot.delete_time AS pivot__delete_time FROM `think_tags` INNER JOIN `think_blogs_tags` `pivot` ON `pivot`.`tag_id`=`think_tags`.`id` WHERE  `pivot`.`blog_id` = 1 [ RunTime:0.030306s ]
[ sql ] [ EXPLAIN : array (
  'id' => 1,
  'select_type' => 'SIMPLE',
  'table' => 'pivot',
  'partitions' => NULL,
  'type' => 'ALL',
  'possible_keys' => NULL,
  'key' => NULL,
  'key_len' => NULL,
  'ref' => NULL,
  'rows' => 4,
  'filtered' => 25.0,
  'extra' => 'Using where',
) ]
[ sql ] [ SQL ] SELECT * FROM `think_blog` WHERE  `id` = 2 LIMIT 1 [ RunTime:0.000551s ]
[ sql ] [ EXPLAIN : array (
  'id' => 1,
  'select_type' => 'SIMPLE',
  'table' => 'think_blog',
  'partitions' => NULL,
  'type' => 'const',
  'possible_keys' => 'PRIMARY',
  'key' => 'PRIMARY',
  'key_len' => '4',
  'ref' => 'const',
  'rows' => 1,
  'filtered' => 100.0,
  'extra' => NULL,
) ]
[ sql ] [ SQL ] SELECT * FROM `think_cate` WHERE  `id` = 1 LIMIT 1 [ RunTime:0.002739s ]
[ sql ] [ EXPLAIN : array (
  'id' => 1,
  'select_type' => 'SIMPLE',
  'table' => 'think_cate',
  'partitions' => NULL,
  'type' => 'const',
  'possible_keys' => 'PRIMARY',
  'key' => 'PRIMARY',
  'key_len' => '4',
  'ref' => 'const',
  'rows' => 1,
  'filtered' => 100.0,
  'extra' => NULL,
) ]
[ sql ] [ SQL ] SELECT * FROM `think_blog` WHERE  `id` = 2 LIMIT 1 [ RunTime:0.000636s ]
[ sql ] [ EXPLAIN : array (
  'id' => 1,
  'select_type' => 'SIMPLE',
  'table' => 'think_blog',
  'partitions' => NULL,
  'type' => 'const',
  'possible_keys' => 'PRIMARY',
  'key' => 'PRIMARY',
  'key_len' => '4',
  'ref' => 'const',
  'rows' => 1,
  'filtered' => 100.0,
  'extra' => NULL,
) ]
[ sql ] [ SQL ] SELECT `think_tags`.*,pivot.id AS pivot__id,pivot.tag_id AS pivot__tag_id,pivot.blog_id AS pivot__blog_id,pivot.create_time AS pivot__create_time,pivot.update_time AS pivot__update_time,pivot.delete_time AS pivot__delete_time FROM `think_tags` INNER JOIN `think_blogs_tags` `pivot` ON `pivot`.`tag_id`=`think_tags`.`id` WHERE  `pivot`.`blog_id` = 2 [ RunTime:0.000803s ]
[ sql ] [ EXPLAIN : array (
  'id' => 1,
  'select_type' => 'SIMPLE',
  'table' => 'pivot',
  'partitions' => NULL,
  'type' => 'ALL',
  'possible_keys' => NULL,
  'key' => NULL,
  'key_len' => NULL,
  'ref' => NULL,
  'rows' => 4,
  'filtered' => 25.0,
  'extra' => 'Using where',
) ]
[ sql ] [ SQL ] SELECT * FROM `think_blog` WHERE  `id` = 3 LIMIT 1 [ RunTime:0.002308s ]
[ sql ] [ EXPLAIN : array (
  'id' => 1,
  'select_type' => 'SIMPLE',
  'table' => 'think_blog',
  'partitions' => NULL,
  'type' => 'const',
  'possible_keys' => 'PRIMARY',
  'key' => 'PRIMARY',
  'key_len' => '4',
  'ref' => 'const',
  'rows' => 1,
  'filtered' => 100.0,
  'extra' => NULL,
) ]
[ sql ] [ SQL ] SELECT * FROM `think_cate` WHERE  `id` = 4 LIMIT 1 [ RunTime:0.000433s ]
[ sql ] [ EXPLAIN : array (
  'id' => 1,
  'select_type' => 'SIMPLE',
  'table' => 'think_cate',
  'partitions' => NULL,
  'type' => 'const',
  'possible_keys' => 'PRIMARY',
  'key' => 'PRIMARY',
  'key_len' => '4',
  'ref' => 'const',
  'rows' => 1,
  'filtered' => 100.0,
  'extra' => NULL,
) ]
[ sql ] [ SQL ] SELECT * FROM `think_blog` WHERE  `id` = 3 LIMIT 1 [ RunTime:0.000373s ]
[ sql ] [ EXPLAIN : array (
  'id' => 1,
  'select_type' => 'SIMPLE',
  'table' => 'think_blog',
  'partitions' => NULL,
  'type' => 'const',
  'possible_keys' => 'PRIMARY',
  'key' => 'PRIMARY',
  'key_len' => '4',
  'ref' => 'const',
  'rows' => 1,
  'filtered' => 100.0,
  'extra' => NULL,
) ]
[ sql ] [ SQL ] SELECT `think_tags`.*,pivot.id AS pivot__id,pivot.tag_id AS pivot__tag_id,pivot.blog_id AS pivot__blog_id,pivot.create_time AS pivot__create_time,pivot.update_time AS pivot__update_time,pivot.delete_time AS pivot__delete_time FROM `think_tags` INNER JOIN `think_blogs_tags` `pivot` ON `pivot`.`tag_id`=`think_tags`.`id` WHERE  `pivot`.`blog_id` = 3 [ RunTime:0.000563s ]
[ sql ] [ EXPLAIN : array (
  'id' => 1,
  'select_type' => 'SIMPLE',
  'table' => 'pivot',
  'partitions' => NULL,
  'type' => 'ALL',
  'possible_keys' => NULL,
  'key' => NULL,
  'key_len' => NULL,
  'ref' => NULL,
  'rows' => 4,
  'filtered' => 25.0,
  'extra' => 'Using where',
) ]
---------------------------------------------------------------
[ 2019-02-15T20:04:01+08:00 ] 127.0.0.1 GET localhost/admin/massage/getmassagelist?page=1&limit=10
[运行时间：0.433267s] [吞吐率：2.31req/s] [内存消耗：2,147.92kb] [文件加载：40]
[ info ] [ LANG ] D:\server\nginx\html\phpapp\thinkphp\lang\zh-cn.php
[ info ] [ ROUTE ] array (
  'type' => 'module',
  'module' => 
  array (
    0 => 'admin',
    1 => 'massage',
    2 => 'getmassagelist',
  ),
)
[ info ] [ HEADER ] array (
  'cookie' => 'thinkphp_show_page_trace=0|0; thinkphp_show_page_trace=0|0',
  'accept-language' => 'zh-CN,zh;q=0.9',
  'accept-encoding' => 'gzip, deflate, br',
  'referer' => 'http://localhost/admin',
  'user-agent' => 'Mozilla/5.0 (Windows NT 6.3; Win64; x64) AppleWebKit/537.36 (KHTML, like Gecko) Chrome/70.0.3538.102 Safari/537.36',
  'x-requested-with' => 'XMLHttpRequest',
  'accept' => 'application/json, text/javascript, */*; q=0.01',
  'connection' => 'keep-alive',
  'host' => 'localhost',
  'content-length' => '',
  'content-type' => '',
)
[ info ] [ PARAM ] array (
  'page' => '1',
  'limit' => '10',
)
[ info ] [ RUN ] app\admin\controller\Massage->getMassageList[ D:\server\nginx\html\phpapp\application\admin\controller\Massage.php ]
[ info ] [ DB ] INIT mysql
[ info ] [ LOG ] INIT File
[ sql ] [ DB ] CONNECT:[ UseTime:0.050616s ] mysql:host=127.0.0.1;port=3306;dbname=tp;charset=utf8
[ sql ] [ SQL ] SHOW COLUMNS FROM `think_massage` [ RunTime:0.301427s ]
[ sql ] [ SQL ] SELECT * FROM `think_massage` WHERE  `delete_time` IS NULL LIMIT 0,10 [ RunTime:0.043163s ]
[ sql ] [ EXPLAIN : array (
  'id' => 1,
  'select_type' => 'SIMPLE',
  'table' => 'think_massage',
  'partitions' => NULL,
  'type' => 'ALL',
  'possible_keys' => NULL,
  'key' => NULL,
  'key_len' => NULL,
  'ref' => NULL,
  'rows' => 6,
  'filtered' => 16.666667938232422,
  'extra' => 'Using where',
) ]
[ sql ] [ SQL ] SELECT COUNT(*) AS tp_count FROM `think_massage` WHERE  `delete_time` IS NULL LIMIT 1 [ RunTime:0.000721s ]
[ sql ] [ EXPLAIN : array (
  'id' => 1,
  'select_type' => 'SIMPLE',
  'table' => 'think_massage',
  'partitions' => NULL,
  'type' => 'ALL',
  'possible_keys' => NULL,
  'key' => NULL,
  'key_len' => NULL,
  'ref' => NULL,
  'rows' => 6,
  'filtered' => 16.666667938232422,
  'extra' => 'Using where',
) ]
---------------------------------------------------------------
[ 2019-02-15T20:04:01+08:00 ] 127.0.0.1 GET localhost/admin/comments/getcommentslist?page=1&limit=10
[运行时间：0.129622s] [吞吐率：7.71req/s] [内存消耗：2,147.34kb] [文件加载：40]
[ info ] [ LANG ] D:\server\nginx\html\phpapp\thinkphp\lang\zh-cn.php
[ info ] [ ROUTE ] array (
  'type' => 'module',
  'module' => 
  array (
    0 => 'admin',
    1 => 'comments',
    2 => 'getcommentslist',
  ),
)
[ info ] [ HEADER ] array (
  'cookie' => 'thinkphp_show_page_trace=0|0',
  'accept-language' => 'zh-CN,zh;q=0.9',
  'accept-encoding' => 'gzip, deflate, br',
  'referer' => 'http://localhost/admin',
  'user-agent' => 'Mozilla/5.0 (Windows NT 6.3; Win64; x64) AppleWebKit/537.36 (KHTML, like Gecko) Chrome/70.0.3538.102 Safari/537.36',
  'x-requested-with' => 'XMLHttpRequest',
  'accept' => 'application/json, text/javascript, */*; q=0.01',
  'connection' => 'keep-alive',
  'host' => 'localhost',
  'content-length' => '',
  'content-type' => '',
)
[ info ] [ PARAM ] array (
  'page' => '1',
  'limit' => '10',
)
[ info ] [ RUN ] app\admin\controller\Comments->getCommentsList[ D:\server\nginx\html\phpapp\application\admin\controller\Comments.php ]
[ info ] [ DB ] INIT mysql
[ info ] [ LOG ] INIT File
[ sql ] [ DB ] CONNECT:[ UseTime:0.009167s ] mysql:host=127.0.0.1;port=3306;dbname=tp;charset=utf8
[ sql ] [ SQL ] SHOW COLUMNS FROM `think_comments` [ RunTime:0.070473s ]
[ sql ] [ SQL ] SELECT * FROM `think_comments` WHERE  `delete_time` IS NULL LIMIT 0,10 [ RunTime:0.014804s ]
[ sql ] [ EXPLAIN : array (
  'id' => 1,
  'select_type' => 'SIMPLE',
  'table' => 'think_comments',
  'partitions' => NULL,
  'type' => 'ALL',
  'possible_keys' => NULL,
  'key' => NULL,
  'key_len' => NULL,
  'ref' => NULL,
  'rows' => 7,
  'filtered' => 14.285713195800781,
  'extra' => 'Using where',
) ]
[ sql ] [ SQL ] SELECT COUNT(*) AS tp_count FROM `think_comments` WHERE  `delete_time` IS NULL LIMIT 1 [ RunTime:0.000615s ]
[ sql ] [ EXPLAIN : array (
  'id' => 1,
  'select_type' => 'SIMPLE',
  'table' => 'think_comments',
  'partitions' => NULL,
  'type' => 'ALL',
  'possible_keys' => NULL,
  'key' => NULL,
  'key_len' => NULL,
  'ref' => NULL,
  'rows' => 7,
  'filtered' => 14.285713195800781,
  'extra' => 'Using where',
) ]
---------------------------------------------------------------
[ 2019-02-15T20:04:01+08:00 ] 127.0.0.1 GET localhost/admin/blog/queryblog/action/getbloglist?page=1&limit=10
[运行时间：0.194654s] [吞吐率：5.14req/s] [内存消耗：2,516.70kb] [文件加载：47]
[ info ] [ LANG ] D:\server\nginx\html\phpapp\thinkphp\lang\zh-cn.php
[ info ] [ ROUTE ] array (
  'type' => 'module',
  'module' => 
  array (
    0 => 'admin',
    1 => 'blog',
    2 => 'queryblog',
  ),
)
[ info ] [ HEADER ] array (
  'cookie' => 'thinkphp_show_page_trace=0|0',
  'accept-language' => 'zh-CN,zh;q=0.9',
  'accept-encoding' => 'gzip, deflate, br',
  'referer' => 'http://localhost/admin',
  'user-agent' => 'Mozilla/5.0 (Windows NT 6.3; Win64; x64) AppleWebKit/537.36 (KHTML, like Gecko) Chrome/70.0.3538.102 Safari/537.36',
  'x-requested-with' => 'XMLHttpRequest',
  'accept' => 'application/json, text/javascript, */*; q=0.01',
  'connection' => 'keep-alive',
  'host' => 'localhost',
  'content-length' => '',
  'content-type' => '',
)
[ info ] [ PARAM ] array (
  'page' => '1',
  'limit' => '10',
  'action' => 'getbloglist',
)
[ info ] [ RUN ] app\admin\controller\Blog->queryblog[ D:\server\nginx\html\phpapp\application\admin\controller\Blog.php ]
[ info ] [ DB ] INIT mysql
[ info ] [ LOG ] INIT File
[ sql ] [ DB ] CONNECT:[ UseTime:0.003541s ] mysql:host=127.0.0.1;port=3306;dbname=tp;charset=utf8
[ sql ] [ SQL ] SHOW COLUMNS FROM `think_blog` [ RunTime:0.023813s ]
[ sql ] [ SQL ] SELECT * FROM `think_blog` WHERE  `delete_time` IS NULL LIMIT 0,10 [ RunTime:0.015143s ]
[ sql ] [ EXPLAIN : array (
  'id' => 1,
  'select_type' => 'SIMPLE',
  'table' => 'think_blog',
  'partitions' => NULL,
  'type' => 'ALL',
  'possible_keys' => NULL,
  'key' => NULL,
  'key_len' => NULL,
  'ref' => NULL,
  'rows' => 3,
  'filtered' => 33.333335876464844,
  'extra' => 'Using where',
) ]
[ sql ] [ SQL ] SELECT COUNT(*) AS tp_count FROM `think_blog` WHERE  `delete_time` IS NULL LIMIT 1 [ RunTime:0.000457s ]
[ sql ] [ EXPLAIN : array (
  'id' => 1,
  'select_type' => 'SIMPLE',
  'table' => 'think_blog',
  'partitions' => NULL,
  'type' => 'ALL',
  'possible_keys' => NULL,
  'key' => NULL,
  'key_len' => NULL,
  'ref' => NULL,
  'rows' => 3,
  'filtered' => 33.333335876464844,
  'extra' => 'Using where',
) ]
[ sql ] [ SQL ] SELECT * FROM `think_blog` WHERE  `id` = 1 LIMIT 1 [ RunTime:0.000840s ]
[ sql ] [ EXPLAIN : array (
  'id' => 1,
  'select_type' => 'SIMPLE',
  'table' => 'think_blog',
  'partitions' => NULL,
  'type' => 'const',
  'possible_keys' => 'PRIMARY',
  'key' => 'PRIMARY',
  'key_len' => '4',
  'ref' => 'const',
  'rows' => 1,
  'filtered' => 100.0,
  'extra' => NULL,
) ]
[ sql ] [ SQL ] SHOW COLUMNS FROM `think_cate` [ RunTime:0.067652s ]
[ sql ] [ SQL ] SELECT * FROM `think_cate` WHERE  `id` = 1 LIMIT 1 [ RunTime:0.018426s ]
[ sql ] [ EXPLAIN : array (
  'id' => 1,
  'select_type' => 'SIMPLE',
  'table' => 'think_cate',
  'partitions' => NULL,
  'type' => 'const',
  'possible_keys' => 'PRIMARY',
  'key' => 'PRIMARY',
  'key_len' => '4',
  'ref' => 'const',
  'rows' => 1,
  'filtered' => 100.0,
  'extra' => NULL,
) ]
[ sql ] [ SQL ] SELECT * FROM `think_blog` WHERE  `id` = 1 LIMIT 1 [ RunTime:0.002548s ]
[ sql ] [ EXPLAIN : array (
  'id' => 1,
  'select_type' => 'SIMPLE',
  'table' => 'think_blog',
  'partitions' => NULL,
  'type' => 'const',
  'possible_keys' => 'PRIMARY',
  'key' => 'PRIMARY',
  'key_len' => '4',
  'ref' => 'const',
  'rows' => 1,
  'filtered' => 100.0,
  'extra' => NULL,
) ]
[ sql ] [ SQL ] SHOW COLUMNS FROM `think_blogs_tags` [ RunTime:0.001685s ]
[ sql ] [ SQL ] SHOW COLUMNS FROM `think_tags` [ RunTime:0.001924s ]
[ sql ] [ SQL ] SELECT `think_tags`.*,pivot.id AS pivot__id,pivot.tag_id AS pivot__tag_id,pivot.blog_id AS pivot__blog_id,pivot.create_time AS pivot__create_time,pivot.update_time AS pivot__update_time,pivot.delete_time AS pivot__delete_time FROM `think_tags` INNER JOIN `think_blogs_tags` `pivot` ON `pivot`.`tag_id`=`think_tags`.`id` WHERE  `pivot`.`blog_id` = 1 [ RunTime:0.000802s ]
[ sql ] [ EXPLAIN : array (
  'id' => 1,
  'select_type' => 'SIMPLE',
  'table' => 'pivot',
  'partitions' => NULL,
  'type' => 'ALL',
  'possible_keys' => NULL,
  'key' => NULL,
  'key_len' => NULL,
  'ref' => NULL,
  'rows' => 4,
  'filtered' => 25.0,
  'extra' => 'Using where',
) ]
[ sql ] [ SQL ] SELECT * FROM `think_blog` WHERE  `id` = 2 LIMIT 1 [ RunTime:0.000442s ]
[ sql ] [ EXPLAIN : array (
  'id' => 1,
  'select_type' => 'SIMPLE',
  'table' => 'think_blog',
  'partitions' => NULL,
  'type' => 'const',
  'possible_keys' => 'PRIMARY',
  'key' => 'PRIMARY',
  'key_len' => '4',
  'ref' => 'const',
  'rows' => 1,
  'filtered' => 100.0,
  'extra' => NULL,
) ]
[ sql ] [ SQL ] SELECT * FROM `think_cate` WHERE  `id` = 1 LIMIT 1 [ RunTime:0.000404s ]
[ sql ] [ EXPLAIN : array (
  'id' => 1,
  'select_type' => 'SIMPLE',
  'table' => 'think_cate',
  'partitions' => NULL,
  'type' => 'const',
  'possible_keys' => 'PRIMARY',
  'key' => 'PRIMARY',
  'key_len' => '4',
  'ref' => 'const',
  'rows' => 1,
  'filtered' => 100.0,
  'extra' => NULL,
) ]
[ sql ] [ SQL ] SELECT * FROM `think_blog` WHERE  `id` = 2 LIMIT 1 [ RunTime:0.000629s ]
[ sql ] [ EXPLAIN : array (
  'id' => 1,
  'select_type' => 'SIMPLE',
  'table' => 'think_blog',
  'partitions' => NULL,
  'type' => 'const',
  'possible_keys' => 'PRIMARY',
  'key' => 'PRIMARY',
  'key_len' => '4',
  'ref' => 'const',
  'rows' => 1,
  'filtered' => 100.0,
  'extra' => NULL,
) ]
[ sql ] [ SQL ] SELECT `think_tags`.*,pivot.id AS pivot__id,pivot.tag_id AS pivot__tag_id,pivot.blog_id AS pivot__blog_id,pivot.create_time AS pivot__create_time,pivot.update_time AS pivot__update_time,pivot.delete_time AS pivot__delete_time FROM `think_tags` INNER JOIN `think_blogs_tags` `pivot` ON `pivot`.`tag_id`=`think_tags`.`id` WHERE  `pivot`.`blog_id` = 2 [ RunTime:0.001074s ]
[ sql ] [ EXPLAIN : array (
  'id' => 1,
  'select_type' => 'SIMPLE',
  'table' => 'pivot',
  'partitions' => NULL,
  'type' => 'ALL',
  'possible_keys' => NULL,
  'key' => NULL,
  'key_len' => NULL,
  'ref' => NULL,
  'rows' => 4,
  'filtered' => 25.0,
  'extra' => 'Using where',
) ]
[ sql ] [ SQL ] SELECT * FROM `think_blog` WHERE  `id` = 3 LIMIT 1 [ RunTime:0.000348s ]
[ sql ] [ EXPLAIN : array (
  'id' => 1,
  'select_type' => 'SIMPLE',
  'table' => 'think_blog',
  'partitions' => NULL,
  'type' => 'const',
  'possible_keys' => 'PRIMARY',
  'key' => 'PRIMARY',
  'key_len' => '4',
  'ref' => 'const',
  'rows' => 1,
  'filtered' => 100.0,
  'extra' => NULL,
) ]
[ sql ] [ SQL ] SELECT * FROM `think_cate` WHERE  `id` = 4 LIMIT 1 [ RunTime:0.000423s ]
[ sql ] [ EXPLAIN : array (
  'id' => 1,
  'select_type' => 'SIMPLE',
  'table' => 'think_cate',
  'partitions' => NULL,
  'type' => 'const',
  'possible_keys' => 'PRIMARY',
  'key' => 'PRIMARY',
  'key_len' => '4',
  'ref' => 'const',
  'rows' => 1,
  'filtered' => 100.0,
  'extra' => NULL,
) ]
[ sql ] [ SQL ] SELECT * FROM `think_blog` WHERE  `id` = 3 LIMIT 1 [ RunTime:0.000417s ]
[ sql ] [ EXPLAIN : array (
  'id' => 1,
  'select_type' => 'SIMPLE',
  'table' => 'think_blog',
  'partitions' => NULL,
  'type' => 'const',
  'possible_keys' => 'PRIMARY',
  'key' => 'PRIMARY',
  'key_len' => '4',
  'ref' => 'const',
  'rows' => 1,
  'filtered' => 100.0,
  'extra' => NULL,
) ]
[ sql ] [ SQL ] SELECT `think_tags`.*,pivot.id AS pivot__id,pivot.tag_id AS pivot__tag_id,pivot.blog_id AS pivot__blog_id,pivot.create_time AS pivot__create_time,pivot.update_time AS pivot__update_time,pivot.delete_time AS pivot__delete_time FROM `think_tags` INNER JOIN `think_blogs_tags` `pivot` ON `pivot`.`tag_id`=`think_tags`.`id` WHERE  `pivot`.`blog_id` = 3 [ RunTime:0.000712s ]
[ sql ] [ EXPLAIN : array (
  'id' => 1,
  'select_type' => 'SIMPLE',
  'table' => 'pivot',
  'partitions' => NULL,
  'type' => 'ALL',
  'possible_keys' => NULL,
  'key' => NULL,
  'key_len' => NULL,
  'ref' => NULL,
  'rows' => 4,
  'filtered' => 25.0,
  'extra' => 'Using where',
) ]
