---------------------------------------------------------------
[ 2019-02-17T20:28:14+08:00 ] 127.0.0.1 GET localhost/
[运行时间：0.442600s] [吞吐率：2.26req/s] [内存消耗：1,326.44kb] [文件加载：38]
[ info ] [ LANG ] D:\server\nginx\html\phpapp\thinkphp\lang\zh-cn.php
[ info ] [ ROUTE ] array (
  'type' => 'module',
  'module' => 
  array (
    0 => '',
    1 => NULL,
    2 => NULL,
  ),
)
[ info ] [ HEADER ] array (
  'cookie' => 'thinkphp_show_page_trace=0|0',
  'accept-language' => 'zh-CN,zh;q=0.9',
  'accept-encoding' => 'gzip, deflate, br',
  'accept' => 'text/html,application/xhtml+xml,application/xml;q=0.9,image/webp,image/apng,*/*;q=0.8',
  'user-agent' => 'Mozilla/5.0 (Windows NT 6.3; Win64; x64) AppleWebKit/537.36 (KHTML, like Gecko) Chrome/70.0.3538.102 Safari/537.36',
  'upgrade-insecure-requests' => '1',
  'connection' => 'keep-alive',
  'host' => 'localhost',
  'content-length' => '',
  'content-type' => '',
)
[ info ] [ PARAM ] array (
)
[ info ] [ RUN ] app\blog\controller\Index->index[ D:\server\nginx\html\phpapp\application\blog\controller\Index.php ]
[ info ] [ VIEW ] D:\server\nginx\html/phpapp/application/blog\view\blog\blog.html [ array (
) ]
[ info ] [ LOG ] INIT File
