---------------------------------------------------------------
[ 2019-01-27T20:26:53+08:00 ] 127.0.0.1 GET localhost/blog/python/detail/id/2.html
[运行时间：0.137641s] [吞吐率：7.27req/s] [内存消耗：4,227.48kb] [文件加载：50]
[ info ] [ LANG ] D:\server\nginx\html\phpapp\thinkphp\lang\zh-cn.php
[ info ] [ ROUTE ] array (
  'type' => 'module',
  'module' => 
  array (
    0 => 'blog',
    1 => 'python',
    2 => 'detail',
  ),
)
[ info ] [ HEADER ] array (
  'cookie' => 'thinkphp_show_page_trace=0|0; thinkphp_show_page_trace=0|4; thinkphp_show_page_trace=0|0',
  'accept-language' => 'zh-CN,zh;q=0.9',
  'accept-encoding' => 'gzip, deflate, br',
  'referer' => 'http://localhost/blog/python',
  'accept' => 'text/html,application/xhtml+xml,application/xml;q=0.9,image/webp,image/apng,*/*;q=0.8',
  'user-agent' => 'Mozilla/5.0 (Windows NT 6.3; Win64; x64) AppleWebKit/537.36 (KHTML, like Gecko) Chrome/70.0.3538.102 Safari/537.36',
  'upgrade-insecure-requests' => '1',
  'cache-control' => 'no-cache',
  'pragma' => 'no-cache',
  'connection' => 'keep-alive',
  'host' => 'localhost',
  'content-length' => '',
  'content-type' => '',
)
[ info ] [ PARAM ] array (
  'id' => '2',
)
[ info ] [ RUN ] app\blog\controller\Python->detail[ D:\server\nginx\html\phpapp\application\blog\controller\Python.php ]
[ info ] [ DB ] INIT mysql
[ info ] [ VIEW ] D:\server\nginx\html/phpapp/application/blog\view\detail\detail.html [ array (
  0 => 'id',
  1 => 'blogdetail',
  2 => 'blogcomments',
) ]
[ info ] [ LOG ] INIT File
[ sql ] [ DB ] CONNECT:[ UseTime:0.022081s ] mysql:host=127.0.0.1;port=3306;dbname=tp;charset=utf8
[ sql ] [ SQL ] SHOW COLUMNS FROM `think_blog` [ RunTime:0.022146s ]
[ sql ] [ SQL ] SELECT * FROM `think_blog` WHERE  `id` = 2 LIMIT 1 [ RunTime:0.001331s ]
[ sql ] [ EXPLAIN : array (
  'id' => 1,
  'select_type' => 'SIMPLE',
  'table' => 'think_blog',
  'partitions' => NULL,
  'type' => 'const',
  'possible_keys' => 'PRIMARY',
  'key' => 'PRIMARY',
  'key_len' => '4',
  'ref' => 'const',
  'rows' => 1,
  'filtered' => 100,
  'extra' => NULL,
) ]
[ sql ] [ SQL ] SHOW COLUMNS FROM `think_blogs_tags` [ RunTime:0.001531s ]
[ sql ] [ SQL ] SHOW COLUMNS FROM `think_tags` [ RunTime:0.002032s ]
[ sql ] [ SQL ] SELECT `think_tags`.*,pivot.id AS pivot__id,pivot.tag_id AS pivot__tag_id,pivot.blog_id AS pivot__blog_id,pivot.create_time AS pivot__create_time,pivot.update_time AS pivot__update_time,pivot.delete_time AS pivot__delete_time FROM `think_tags` INNER JOIN `think_blogs_tags` `pivot` ON `pivot`.`tag_id`=`think_tags`.`id` WHERE  `pivot`.`blog_id` = 2 [ RunTime:0.001389s ]
[ sql ] [ EXPLAIN : array (
  'id' => 1,
  'select_type' => 'SIMPLE',
  'table' => 'pivot',
  'partitions' => NULL,
  'type' => 'ALL',
  'possible_keys' => NULL,
  'key' => NULL,
  'key_len' => NULL,
  'ref' => NULL,
  'rows' => 2,
  'filtered' => 50,
  'extra' => 'Using where',
) ]
[ sql ] [ SQL ] SHOW COLUMNS FROM `think_comments` [ RunTime:0.001438s ]
[ sql ] [ SQL ] SELECT * FROM `think_comments` WHERE  `delete_time` IS NULL  AND `blog_id` = 2 [ RunTime:0.000842s ]
[ sql ] [ EXPLAIN : array (
  'id' => 1,
  'select_type' => 'SIMPLE',
  'table' => 'think_comments',
  'partitions' => NULL,
  'type' => 'ALL',
  'possible_keys' => NULL,
  'key' => NULL,
  'key_len' => NULL,
  'ref' => NULL,
  'rows' => 2,
  'filtered' => 50,
  'extra' => 'Using where',
) ]
---------------------------------------------------------------
[ 2019-01-27T20:32:39+08:00 ] 127.0.0.1 GET localhost/blog/python/detail/id/2.html
[运行时间：0.098974s] [吞吐率：10.10req/s] [内存消耗：4,227.48kb] [文件加载：50]
[ info ] [ LANG ] D:\server\nginx\html\phpapp\thinkphp\lang\zh-cn.php
[ info ] [ ROUTE ] array (
  'type' => 'module',
  'module' => 
  array (
    0 => 'blog',
    1 => 'python',
    2 => 'detail',
  ),
)
[ info ] [ HEADER ] array (
  'cookie' => 'thinkphp_show_page_trace=0|0; thinkphp_show_page_trace=0|4; thinkphp_show_page_trace=0|0',
  'accept-language' => 'zh-CN,zh;q=0.9',
  'accept-encoding' => 'gzip, deflate, br',
  'referer' => 'http://localhost/blog/python',
  'accept' => 'text/html,application/xhtml+xml,application/xml;q=0.9,image/webp,image/apng,*/*;q=0.8',
  'user-agent' => 'Mozilla/5.0 (Windows NT 6.3; Win64; x64) AppleWebKit/537.36 (KHTML, like Gecko) Chrome/70.0.3538.102 Safari/537.36',
  'upgrade-insecure-requests' => '1',
  'cache-control' => 'no-cache',
  'pragma' => 'no-cache',
  'connection' => 'keep-alive',
  'host' => 'localhost',
  'content-length' => '',
  'content-type' => '',
)
[ info ] [ PARAM ] array (
  'id' => '2',
)
[ info ] [ RUN ] app\blog\controller\Python->detail[ D:\server\nginx\html\phpapp\application\blog\controller\Python.php ]
[ info ] [ DB ] INIT mysql
[ info ] [ VIEW ] D:\server\nginx\html/phpapp/application/blog\view\detail\detail.html [ array (
  0 => 'id',
  1 => 'blogdetail',
  2 => 'blogcomments',
) ]
[ info ] [ LOG ] INIT File
[ sql ] [ DB ] CONNECT:[ UseTime:0.001567s ] mysql:host=127.0.0.1;port=3306;dbname=tp;charset=utf8
[ sql ] [ SQL ] SHOW COLUMNS FROM `think_blog` [ RunTime:0.002567s ]
[ sql ] [ SQL ] SELECT * FROM `think_blog` WHERE  `id` = 2 LIMIT 1 [ RunTime:0.001696s ]
[ sql ] [ EXPLAIN : array (
  'id' => 1,
  'select_type' => 'SIMPLE',
  'table' => 'think_blog',
  'partitions' => NULL,
  'type' => 'const',
  'possible_keys' => 'PRIMARY',
  'key' => 'PRIMARY',
  'key_len' => '4',
  'ref' => 'const',
  'rows' => 1,
  'filtered' => 100,
  'extra' => NULL,
) ]
[ sql ] [ SQL ] SHOW COLUMNS FROM `think_blogs_tags` [ RunTime:0.001200s ]
[ sql ] [ SQL ] SHOW COLUMNS FROM `think_tags` [ RunTime:0.001657s ]
[ sql ] [ SQL ] SELECT `think_tags`.*,pivot.id AS pivot__id,pivot.tag_id AS pivot__tag_id,pivot.blog_id AS pivot__blog_id,pivot.create_time AS pivot__create_time,pivot.update_time AS pivot__update_time,pivot.delete_time AS pivot__delete_time FROM `think_tags` INNER JOIN `think_blogs_tags` `pivot` ON `pivot`.`tag_id`=`think_tags`.`id` WHERE  `pivot`.`blog_id` = 2 [ RunTime:0.000645s ]
[ sql ] [ EXPLAIN : array (
  'id' => 1,
  'select_type' => 'SIMPLE',
  'table' => 'pivot',
  'partitions' => NULL,
  'type' => 'ALL',
  'possible_keys' => NULL,
  'key' => NULL,
  'key_len' => NULL,
  'ref' => NULL,
  'rows' => 2,
  'filtered' => 50,
  'extra' => 'Using where',
) ]
[ sql ] [ SQL ] SHOW COLUMNS FROM `think_comments` [ RunTime:0.029580s ]
[ sql ] [ SQL ] SELECT * FROM `think_comments` WHERE  `delete_time` IS NULL  AND `blog_id` = 2 [ RunTime:0.000574s ]
[ sql ] [ EXPLAIN : array (
  'id' => 1,
  'select_type' => 'SIMPLE',
  'table' => 'think_comments',
  'partitions' => NULL,
  'type' => 'ALL',
  'possible_keys' => NULL,
  'key' => NULL,
  'key_len' => NULL,
  'ref' => NULL,
  'rows' => 2,
  'filtered' => 50,
  'extra' => 'Using where',
) ]
---------------------------------------------------------------
[ 2019-01-27T20:32:41+08:00 ] 127.0.0.1 GET localhost/blog/python/detail/id/2.html
[运行时间：0.081226s] [吞吐率：12.31req/s] [内存消耗：4,227.48kb] [文件加载：50]
[ info ] [ LANG ] D:\server\nginx\html\phpapp\thinkphp\lang\zh-cn.php
[ info ] [ ROUTE ] array (
  'type' => 'module',
  'module' => 
  array (
    0 => 'blog',
    1 => 'python',
    2 => 'detail',
  ),
)
[ info ] [ HEADER ] array (
  'cookie' => 'thinkphp_show_page_trace=0|0; thinkphp_show_page_trace=0|4; thinkphp_show_page_trace=0|0',
  'accept-language' => 'zh-CN,zh;q=0.9',
  'accept-encoding' => 'gzip, deflate, br',
  'referer' => 'http://localhost/blog/python',
  'accept' => 'text/html,application/xhtml+xml,application/xml;q=0.9,image/webp,image/apng,*/*;q=0.8',
  'user-agent' => 'Mozilla/5.0 (Windows NT 6.3; Win64; x64) AppleWebKit/537.36 (KHTML, like Gecko) Chrome/70.0.3538.102 Safari/537.36',
  'upgrade-insecure-requests' => '1',
  'cache-control' => 'no-cache',
  'pragma' => 'no-cache',
  'connection' => 'keep-alive',
  'host' => 'localhost',
  'content-length' => '',
  'content-type' => '',
)
[ info ] [ PARAM ] array (
  'id' => '2',
)
[ info ] [ RUN ] app\blog\controller\Python->detail[ D:\server\nginx\html\phpapp\application\blog\controller\Python.php ]
[ info ] [ DB ] INIT mysql
[ info ] [ VIEW ] D:\server\nginx\html/phpapp/application/blog\view\detail\detail.html [ array (
  0 => 'id',
  1 => 'blogdetail',
  2 => 'blogcomments',
) ]
[ info ] [ LOG ] INIT File
[ sql ] [ DB ] CONNECT:[ UseTime:0.020114s ] mysql:host=127.0.0.1;port=3306;dbname=tp;charset=utf8
[ sql ] [ SQL ] SHOW COLUMNS FROM `think_blog` [ RunTime:0.001443s ]
[ sql ] [ SQL ] SELECT * FROM `think_blog` WHERE  `id` = 2 LIMIT 1 [ RunTime:0.000593s ]
[ sql ] [ EXPLAIN : array (
  'id' => 1,
  'select_type' => 'SIMPLE',
  'table' => 'think_blog',
  'partitions' => NULL,
  'type' => 'const',
  'possible_keys' => 'PRIMARY',
  'key' => 'PRIMARY',
  'key_len' => '4',
  'ref' => 'const',
  'rows' => 1,
  'filtered' => 100,
  'extra' => NULL,
) ]
[ sql ] [ SQL ] SHOW COLUMNS FROM `think_blogs_tags` [ RunTime:0.000923s ]
[ sql ] [ SQL ] SHOW COLUMNS FROM `think_tags` [ RunTime:0.000704s ]
[ sql ] [ SQL ] SELECT `think_tags`.*,pivot.id AS pivot__id,pivot.tag_id AS pivot__tag_id,pivot.blog_id AS pivot__blog_id,pivot.create_time AS pivot__create_time,pivot.update_time AS pivot__update_time,pivot.delete_time AS pivot__delete_time FROM `think_tags` INNER JOIN `think_blogs_tags` `pivot` ON `pivot`.`tag_id`=`think_tags`.`id` WHERE  `pivot`.`blog_id` = 2 [ RunTime:0.001119s ]
[ sql ] [ EXPLAIN : array (
  'id' => 1,
  'select_type' => 'SIMPLE',
  'table' => 'pivot',
  'partitions' => NULL,
  'type' => 'ALL',
  'possible_keys' => NULL,
  'key' => NULL,
  'key_len' => NULL,
  'ref' => NULL,
  'rows' => 2,
  'filtered' => 50,
  'extra' => 'Using where',
) ]
[ sql ] [ SQL ] SHOW COLUMNS FROM `think_comments` [ RunTime:0.001121s ]
[ sql ] [ SQL ] SELECT * FROM `think_comments` WHERE  `delete_time` IS NULL  AND `blog_id` = 2 [ RunTime:0.000492s ]
[ sql ] [ EXPLAIN : array (
  'id' => 1,
  'select_type' => 'SIMPLE',
  'table' => 'think_comments',
  'partitions' => NULL,
  'type' => 'ALL',
  'possible_keys' => NULL,
  'key' => NULL,
  'key_len' => NULL,
  'ref' => NULL,
  'rows' => 2,
  'filtered' => 50,
  'extra' => 'Using where',
) ]
---------------------------------------------------------------
[ 2019-01-27T20:32:42+08:00 ] 127.0.0.1 GET localhost/blog/python/detail/id/2.html
[运行时间：0.075729s] [吞吐率：13.20req/s] [内存消耗：4,227.48kb] [文件加载：50]
[ info ] [ LANG ] D:\server\nginx\html\phpapp\thinkphp\lang\zh-cn.php
[ info ] [ ROUTE ] array (
  'type' => 'module',
  'module' => 
  array (
    0 => 'blog',
    1 => 'python',
    2 => 'detail',
  ),
)
[ info ] [ HEADER ] array (
  'cookie' => 'thinkphp_show_page_trace=0|0; thinkphp_show_page_trace=0|4; thinkphp_show_page_trace=0|0',
  'accept-language' => 'zh-CN,zh;q=0.9',
  'accept-encoding' => 'gzip, deflate, br',
  'referer' => 'http://localhost/blog/python',
  'accept' => 'text/html,application/xhtml+xml,application/xml;q=0.9,image/webp,image/apng,*/*;q=0.8',
  'user-agent' => 'Mozilla/5.0 (Windows NT 6.3; Win64; x64) AppleWebKit/537.36 (KHTML, like Gecko) Chrome/70.0.3538.102 Safari/537.36',
  'upgrade-insecure-requests' => '1',
  'cache-control' => 'no-cache',
  'pragma' => 'no-cache',
  'connection' => 'keep-alive',
  'host' => 'localhost',
  'content-length' => '',
  'content-type' => '',
)
[ info ] [ PARAM ] array (
  'id' => '2',
)
[ info ] [ RUN ] app\blog\controller\Python->detail[ D:\server\nginx\html\phpapp\application\blog\controller\Python.php ]
[ info ] [ DB ] INIT mysql
[ info ] [ VIEW ] D:\server\nginx\html/phpapp/application/blog\view\detail\detail.html [ array (
  0 => 'id',
  1 => 'blogdetail',
  2 => 'blogcomments',
) ]
[ info ] [ LOG ] INIT File
[ sql ] [ DB ] CONNECT:[ UseTime:0.001583s ] mysql:host=127.0.0.1;port=3306;dbname=tp;charset=utf8
[ sql ] [ SQL ] SHOW COLUMNS FROM `think_blog` [ RunTime:0.001630s ]
[ sql ] [ SQL ] SELECT * FROM `think_blog` WHERE  `id` = 2 LIMIT 1 [ RunTime:0.001171s ]
[ sql ] [ EXPLAIN : array (
  'id' => 1,
  'select_type' => 'SIMPLE',
  'table' => 'think_blog',
  'partitions' => NULL,
  'type' => 'const',
  'possible_keys' => 'PRIMARY',
  'key' => 'PRIMARY',
  'key_len' => '4',
  'ref' => 'const',
  'rows' => 1,
  'filtered' => 100,
  'extra' => NULL,
) ]
[ sql ] [ SQL ] SHOW COLUMNS FROM `think_blogs_tags` [ RunTime:0.002434s ]
[ sql ] [ SQL ] SHOW COLUMNS FROM `think_tags` [ RunTime:0.005085s ]
[ sql ] [ SQL ] SELECT `think_tags`.*,pivot.id AS pivot__id,pivot.tag_id AS pivot__tag_id,pivot.blog_id AS pivot__blog_id,pivot.create_time AS pivot__create_time,pivot.update_time AS pivot__update_time,pivot.delete_time AS pivot__delete_time FROM `think_tags` INNER JOIN `think_blogs_tags` `pivot` ON `pivot`.`tag_id`=`think_tags`.`id` WHERE  `pivot`.`blog_id` = 2 [ RunTime:0.001065s ]
[ sql ] [ EXPLAIN : array (
  'id' => 1,
  'select_type' => 'SIMPLE',
  'table' => 'pivot',
  'partitions' => NULL,
  'type' => 'ALL',
  'possible_keys' => NULL,
  'key' => NULL,
  'key_len' => NULL,
  'ref' => NULL,
  'rows' => 2,
  'filtered' => 50,
  'extra' => 'Using where',
) ]
[ sql ] [ SQL ] SHOW COLUMNS FROM `think_comments` [ RunTime:0.000940s ]
[ sql ] [ SQL ] SELECT * FROM `think_comments` WHERE  `delete_time` IS NULL  AND `blog_id` = 2 [ RunTime:0.000466s ]
[ sql ] [ EXPLAIN : array (
  'id' => 1,
  'select_type' => 'SIMPLE',
  'table' => 'think_comments',
  'partitions' => NULL,
  'type' => 'ALL',
  'possible_keys' => NULL,
  'key' => NULL,
  'key_len' => NULL,
  'ref' => NULL,
  'rows' => 2,
  'filtered' => 50,
  'extra' => 'Using where',
) ]
---------------------------------------------------------------
[ 2019-01-27T20:32:43+08:00 ] 127.0.0.1 GET localhost/blog/python/detail/id/2.html
[运行时间：0.167514s] [吞吐率：5.97req/s] [内存消耗：4,227.48kb] [文件加载：50]
[ info ] [ LANG ] D:\server\nginx\html\phpapp\thinkphp\lang\zh-cn.php
[ info ] [ ROUTE ] array (
  'type' => 'module',
  'module' => 
  array (
    0 => 'blog',
    1 => 'python',
    2 => 'detail',
  ),
)
[ info ] [ HEADER ] array (
  'cookie' => 'thinkphp_show_page_trace=0|0; thinkphp_show_page_trace=0|4; thinkphp_show_page_trace=0|0',
  'accept-language' => 'zh-CN,zh;q=0.9',
  'accept-encoding' => 'gzip, deflate, br',
  'referer' => 'http://localhost/blog/python',
  'accept' => 'text/html,application/xhtml+xml,application/xml;q=0.9,image/webp,image/apng,*/*;q=0.8',
  'user-agent' => 'Mozilla/5.0 (Windows NT 6.3; Win64; x64) AppleWebKit/537.36 (KHTML, like Gecko) Chrome/70.0.3538.102 Safari/537.36',
  'upgrade-insecure-requests' => '1',
  'cache-control' => 'no-cache',
  'pragma' => 'no-cache',
  'connection' => 'keep-alive',
  'host' => 'localhost',
  'content-length' => '',
  'content-type' => '',
)
[ info ] [ PARAM ] array (
  'id' => '2',
)
[ info ] [ RUN ] app\blog\controller\Python->detail[ D:\server\nginx\html\phpapp\application\blog\controller\Python.php ]
[ info ] [ DB ] INIT mysql
[ info ] [ VIEW ] D:\server\nginx\html/phpapp/application/blog\view\detail\detail.html [ array (
  0 => 'id',
  1 => 'blogdetail',
  2 => 'blogcomments',
) ]
[ info ] [ LOG ] INIT File
[ sql ] [ DB ] CONNECT:[ UseTime:0.001779s ] mysql:host=127.0.0.1;port=3306;dbname=tp;charset=utf8
[ sql ] [ SQL ] SHOW COLUMNS FROM `think_blog` [ RunTime:0.002169s ]
[ sql ] [ SQL ] SELECT * FROM `think_blog` WHERE  `id` = 2 LIMIT 1 [ RunTime:0.027497s ]
[ sql ] [ EXPLAIN : array (
  'id' => 1,
  'select_type' => 'SIMPLE',
  'table' => 'think_blog',
  'partitions' => NULL,
  'type' => 'const',
  'possible_keys' => 'PRIMARY',
  'key' => 'PRIMARY',
  'key_len' => '4',
  'ref' => 'const',
  'rows' => 1,
  'filtered' => 100,
  'extra' => NULL,
) ]
[ sql ] [ SQL ] SHOW COLUMNS FROM `think_blogs_tags` [ RunTime:0.002127s ]
[ sql ] [ SQL ] SHOW COLUMNS FROM `think_tags` [ RunTime:0.001638s ]
[ sql ] [ SQL ] SELECT `think_tags`.*,pivot.id AS pivot__id,pivot.tag_id AS pivot__tag_id,pivot.blog_id AS pivot__blog_id,pivot.create_time AS pivot__create_time,pivot.update_time AS pivot__update_time,pivot.delete_time AS pivot__delete_time FROM `think_tags` INNER JOIN `think_blogs_tags` `pivot` ON `pivot`.`tag_id`=`think_tags`.`id` WHERE  `pivot`.`blog_id` = 2 [ RunTime:0.000884s ]
[ sql ] [ EXPLAIN : array (
  'id' => 1,
  'select_type' => 'SIMPLE',
  'table' => 'pivot',
  'partitions' => NULL,
  'type' => 'ALL',
  'possible_keys' => NULL,
  'key' => NULL,
  'key_len' => NULL,
  'ref' => NULL,
  'rows' => 2,
  'filtered' => 50,
  'extra' => 'Using where',
) ]
[ sql ] [ SQL ] SHOW COLUMNS FROM `think_comments` [ RunTime:0.001218s ]
[ sql ] [ SQL ] SELECT * FROM `think_comments` WHERE  `delete_time` IS NULL  AND `blog_id` = 2 [ RunTime:0.000464s ]
[ sql ] [ EXPLAIN : array (
  'id' => 1,
  'select_type' => 'SIMPLE',
  'table' => 'think_comments',
  'partitions' => NULL,
  'type' => 'ALL',
  'possible_keys' => NULL,
  'key' => NULL,
  'key_len' => NULL,
  'ref' => NULL,
  'rows' => 2,
  'filtered' => 50,
  'extra' => 'Using where',
) ]
---------------------------------------------------------------
[ 2019-01-27T20:32:44+08:00 ] 127.0.0.1 GET localhost/blog/python/detail/id/2.html
[运行时间：0.100713s] [吞吐率：9.93req/s] [内存消耗：4,227.48kb] [文件加载：50]
[ info ] [ LANG ] D:\server\nginx\html\phpapp\thinkphp\lang\zh-cn.php
[ info ] [ ROUTE ] array (
  'type' => 'module',
  'module' => 
  array (
    0 => 'blog',
    1 => 'python',
    2 => 'detail',
  ),
)
[ info ] [ HEADER ] array (
  'cookie' => 'thinkphp_show_page_trace=0|0; thinkphp_show_page_trace=0|4; thinkphp_show_page_trace=0|0',
  'accept-language' => 'zh-CN,zh;q=0.9',
  'accept-encoding' => 'gzip, deflate, br',
  'referer' => 'http://localhost/blog/python',
  'accept' => 'text/html,application/xhtml+xml,application/xml;q=0.9,image/webp,image/apng,*/*;q=0.8',
  'user-agent' => 'Mozilla/5.0 (Windows NT 6.3; Win64; x64) AppleWebKit/537.36 (KHTML, like Gecko) Chrome/70.0.3538.102 Safari/537.36',
  'upgrade-insecure-requests' => '1',
  'cache-control' => 'no-cache',
  'pragma' => 'no-cache',
  'connection' => 'keep-alive',
  'host' => 'localhost',
  'content-length' => '',
  'content-type' => '',
)
[ info ] [ PARAM ] array (
  'id' => '2',
)
[ info ] [ RUN ] app\blog\controller\Python->detail[ D:\server\nginx\html\phpapp\application\blog\controller\Python.php ]
[ info ] [ DB ] INIT mysql
[ info ] [ VIEW ] D:\server\nginx\html/phpapp/application/blog\view\detail\detail.html [ array (
  0 => 'id',
  1 => 'blogdetail',
  2 => 'blogcomments',
) ]
[ info ] [ LOG ] INIT File
[ sql ] [ DB ] CONNECT:[ UseTime:0.001403s ] mysql:host=127.0.0.1;port=3306;dbname=tp;charset=utf8
[ sql ] [ SQL ] SHOW COLUMNS FROM `think_blog` [ RunTime:0.038932s ]
[ sql ] [ SQL ] SELECT * FROM `think_blog` WHERE  `id` = 2 LIMIT 1 [ RunTime:0.000668s ]
[ sql ] [ EXPLAIN : array (
  'id' => 1,
  'select_type' => 'SIMPLE',
  'table' => 'think_blog',
  'partitions' => NULL,
  'type' => 'const',
  'possible_keys' => 'PRIMARY',
  'key' => 'PRIMARY',
  'key_len' => '4',
  'ref' => 'const',
  'rows' => 1,
  'filtered' => 100,
  'extra' => NULL,
) ]
[ sql ] [ SQL ] SHOW COLUMNS FROM `think_blogs_tags` [ RunTime:0.001022s ]
[ sql ] [ SQL ] SHOW COLUMNS FROM `think_tags` [ RunTime:0.001205s ]
[ sql ] [ SQL ] SELECT `think_tags`.*,pivot.id AS pivot__id,pivot.tag_id AS pivot__tag_id,pivot.blog_id AS pivot__blog_id,pivot.create_time AS pivot__create_time,pivot.update_time AS pivot__update_time,pivot.delete_time AS pivot__delete_time FROM `think_tags` INNER JOIN `think_blogs_tags` `pivot` ON `pivot`.`tag_id`=`think_tags`.`id` WHERE  `pivot`.`blog_id` = 2 [ RunTime:0.000666s ]
[ sql ] [ EXPLAIN : array (
  'id' => 1,
  'select_type' => 'SIMPLE',
  'table' => 'pivot',
  'partitions' => NULL,
  'type' => 'ALL',
  'possible_keys' => NULL,
  'key' => NULL,
  'key_len' => NULL,
  'ref' => NULL,
  'rows' => 2,
  'filtered' => 50,
  'extra' => 'Using where',
) ]
[ sql ] [ SQL ] SHOW COLUMNS FROM `think_comments` [ RunTime:0.000889s ]
[ sql ] [ SQL ] SELECT * FROM `think_comments` WHERE  `delete_time` IS NULL  AND `blog_id` = 2 [ RunTime:0.000749s ]
[ sql ] [ EXPLAIN : array (
  'id' => 1,
  'select_type' => 'SIMPLE',
  'table' => 'think_comments',
  'partitions' => NULL,
  'type' => 'ALL',
  'possible_keys' => NULL,
  'key' => NULL,
  'key_len' => NULL,
  'ref' => NULL,
  'rows' => 2,
  'filtered' => 50,
  'extra' => 'Using where',
) ]
---------------------------------------------------------------
[ 2019-01-27T20:32:47+08:00 ] 127.0.0.1 GET localhost/blog/python/detail/id/2.html
[运行时间：0.068071s] [吞吐率：14.69req/s] [内存消耗：4,227.48kb] [文件加载：50]
[ info ] [ LANG ] D:\server\nginx\html\phpapp\thinkphp\lang\zh-cn.php
[ info ] [ ROUTE ] array (
  'type' => 'module',
  'module' => 
  array (
    0 => 'blog',
    1 => 'python',
    2 => 'detail',
  ),
)
[ info ] [ HEADER ] array (
  'cookie' => 'thinkphp_show_page_trace=0|0; thinkphp_show_page_trace=0|4; thinkphp_show_page_trace=0|0',
  'accept-language' => 'zh-CN,zh;q=0.9',
  'accept-encoding' => 'gzip, deflate, br',
  'referer' => 'http://localhost/blog/python',
  'accept' => 'text/html,application/xhtml+xml,application/xml;q=0.9,image/webp,image/apng,*/*;q=0.8',
  'user-agent' => 'Mozilla/5.0 (Windows NT 6.3; Win64; x64) AppleWebKit/537.36 (KHTML, like Gecko) Chrome/70.0.3538.102 Safari/537.36',
  'upgrade-insecure-requests' => '1',
  'cache-control' => 'no-cache',
  'pragma' => 'no-cache',
  'connection' => 'keep-alive',
  'host' => 'localhost',
  'content-length' => '',
  'content-type' => '',
)
[ info ] [ PARAM ] array (
  'id' => '2',
)
[ info ] [ RUN ] app\blog\controller\Python->detail[ D:\server\nginx\html\phpapp\application\blog\controller\Python.php ]
[ info ] [ DB ] INIT mysql
[ info ] [ VIEW ] D:\server\nginx\html/phpapp/application/blog\view\detail\detail.html [ array (
  0 => 'id',
  1 => 'blogdetail',
  2 => 'blogcomments',
) ]
[ info ] [ LOG ] INIT File
[ sql ] [ DB ] CONNECT:[ UseTime:0.012625s ] mysql:host=127.0.0.1;port=3306;dbname=tp;charset=utf8
[ sql ] [ SQL ] SHOW COLUMNS FROM `think_blog` [ RunTime:0.000982s ]
[ sql ] [ SQL ] SELECT * FROM `think_blog` WHERE  `id` = 2 LIMIT 1 [ RunTime:0.000525s ]
[ sql ] [ EXPLAIN : array (
  'id' => 1,
  'select_type' => 'SIMPLE',
  'table' => 'think_blog',
  'partitions' => NULL,
  'type' => 'const',
  'possible_keys' => 'PRIMARY',
  'key' => 'PRIMARY',
  'key_len' => '4',
  'ref' => 'const',
  'rows' => 1,
  'filtered' => 100,
  'extra' => NULL,
) ]
[ sql ] [ SQL ] SHOW COLUMNS FROM `think_blogs_tags` [ RunTime:0.000799s ]
[ sql ] [ SQL ] SHOW COLUMNS FROM `think_tags` [ RunTime:0.000710s ]
[ sql ] [ SQL ] SELECT `think_tags`.*,pivot.id AS pivot__id,pivot.tag_id AS pivot__tag_id,pivot.blog_id AS pivot__blog_id,pivot.create_time AS pivot__create_time,pivot.update_time AS pivot__update_time,pivot.delete_time AS pivot__delete_time FROM `think_tags` INNER JOIN `think_blogs_tags` `pivot` ON `pivot`.`tag_id`=`think_tags`.`id` WHERE  `pivot`.`blog_id` = 2 [ RunTime:0.000570s ]
[ sql ] [ EXPLAIN : array (
  'id' => 1,
  'select_type' => 'SIMPLE',
  'table' => 'pivot',
  'partitions' => NULL,
  'type' => 'ALL',
  'possible_keys' => NULL,
  'key' => NULL,
  'key_len' => NULL,
  'ref' => NULL,
  'rows' => 2,
  'filtered' => 50,
  'extra' => 'Using where',
) ]
[ sql ] [ SQL ] SHOW COLUMNS FROM `think_comments` [ RunTime:0.000709s ]
[ sql ] [ SQL ] SELECT * FROM `think_comments` WHERE  `delete_time` IS NULL  AND `blog_id` = 2 [ RunTime:0.000448s ]
[ sql ] [ EXPLAIN : array (
  'id' => 1,
  'select_type' => 'SIMPLE',
  'table' => 'think_comments',
  'partitions' => NULL,
  'type' => 'ALL',
  'possible_keys' => NULL,
  'key' => NULL,
  'key_len' => NULL,
  'ref' => NULL,
  'rows' => 2,
  'filtered' => 50,
  'extra' => 'Using where',
) ]
---------------------------------------------------------------
[ 2019-01-27T20:34:45+08:00 ] 127.0.0.1 GET localhost/blog/python
[运行时间：0.072864s] [吞吐率：13.72req/s] [内存消耗：4,417.06kb] [文件加载：53]
[ info ] [ LANG ] D:\server\nginx\html\phpapp\thinkphp\lang\zh-cn.php
[ info ] [ ROUTE ] array (
  'type' => 'module',
  'module' => 
  array (
    0 => 'blog',
    1 => 'python',
    2 => NULL,
  ),
)
[ info ] [ HEADER ] array (
  'cookie' => 'thinkphp_show_page_trace=0|4; thinkphp_show_page_trace=0|0',
  'accept-language' => 'zh-CN,zh;q=0.9',
  'accept-encoding' => 'gzip, deflate, br',
  'referer' => 'http://localhost/',
  'accept' => 'text/html,application/xhtml+xml,application/xml;q=0.9,image/webp,image/apng,*/*;q=0.8',
  'user-agent' => 'Mozilla/5.0 (Windows NT 6.3; Win64; x64) AppleWebKit/537.36 (KHTML, like Gecko) Chrome/70.0.3538.102 Safari/537.36',
  'upgrade-insecure-requests' => '1',
  'cache-control' => 'no-cache',
  'pragma' => 'no-cache',
  'connection' => 'keep-alive',
  'host' => 'localhost',
  'content-length' => '',
  'content-type' => '',
)
[ info ] [ PARAM ] array (
)
[ info ] [ RUN ] app\blog\controller\Python->index[ D:\server\nginx\html\phpapp\application\blog\controller\Python.php ]
[ info ] [ DB ] INIT mysql
[ info ] [ VIEW ] D:\server\nginx\html/phpapp/application/blog\view\contents\contents.html [ array (
  0 => 'bloglist',
  1 => 'pagecount',
) ]
[ info ] [ LOG ] INIT File
[ sql ] [ DB ] CONNECT:[ UseTime:0.010582s ] mysql:host=127.0.0.1;port=3306;dbname=tp;charset=utf8
[ sql ] [ SQL ] SHOW COLUMNS FROM `think_blog` [ RunTime:0.001004s ]
[ sql ] [ SQL ] SELECT * FROM `think_blog` WHERE  `delete_time` IS NULL LIMIT 0,10 [ RunTime:0.000565s ]
[ sql ] [ EXPLAIN : array (
  'id' => 1,
  'select_type' => 'SIMPLE',
  'table' => 'think_blog',
  'partitions' => NULL,
  'type' => 'ALL',
  'possible_keys' => NULL,
  'key' => NULL,
  'key_len' => NULL,
  'ref' => NULL,
  'rows' => 2,
  'filtered' => 50,
  'extra' => 'Using where',
) ]
[ sql ] [ SQL ] SELECT COUNT(*) AS tp_count FROM `think_blog` WHERE  `delete_time` IS NULL LIMIT 1 [ RunTime:0.000453s ]
[ sql ] [ EXPLAIN : array (
  'id' => 1,
  'select_type' => 'SIMPLE',
  'table' => 'think_blog',
  'partitions' => NULL,
  'type' => 'ALL',
  'possible_keys' => NULL,
  'key' => NULL,
  'key_len' => NULL,
  'ref' => NULL,
  'rows' => 2,
  'filtered' => 50,
  'extra' => 'Using where',
) ]
[ sql ] [ SQL ] SELECT * FROM `think_blog` WHERE  `id` = 1 LIMIT 1 [ RunTime:0.000623s ]
[ sql ] [ EXPLAIN : array (
  'id' => 1,
  'select_type' => 'SIMPLE',
  'table' => 'think_blog',
  'partitions' => NULL,
  'type' => 'const',
  'possible_keys' => 'PRIMARY',
  'key' => 'PRIMARY',
  'key_len' => '4',
  'ref' => 'const',
  'rows' => 1,
  'filtered' => 100,
  'extra' => NULL,
) ]
[ sql ] [ SQL ] SHOW COLUMNS FROM `think_cate` [ RunTime:0.000903s ]
[ sql ] [ SQL ] SELECT * FROM `think_cate` WHERE  `id` = 1 LIMIT 1 [ RunTime:0.000521s ]
[ sql ] [ EXPLAIN : array (
  'id' => 1,
  'select_type' => 'SIMPLE',
  'table' => 'think_cate',
  'partitions' => NULL,
  'type' => 'const',
  'possible_keys' => 'PRIMARY',
  'key' => 'PRIMARY',
  'key_len' => '4',
  'ref' => 'const',
  'rows' => 1,
  'filtered' => 100,
  'extra' => NULL,
) ]
[ sql ] [ SQL ] SELECT * FROM `think_blog` WHERE  `id` = 1 LIMIT 1 [ RunTime:0.000515s ]
[ sql ] [ EXPLAIN : array (
  'id' => 1,
  'select_type' => 'SIMPLE',
  'table' => 'think_blog',
  'partitions' => NULL,
  'type' => 'const',
  'possible_keys' => 'PRIMARY',
  'key' => 'PRIMARY',
  'key_len' => '4',
  'ref' => 'const',
  'rows' => 1,
  'filtered' => 100,
  'extra' => NULL,
) ]
[ sql ] [ SQL ] SHOW COLUMNS FROM `think_blogs_tags` [ RunTime:0.000929s ]
[ sql ] [ SQL ] SHOW COLUMNS FROM `think_tags` [ RunTime:0.000757s ]
[ sql ] [ SQL ] SELECT `think_tags`.*,pivot.id AS pivot__id,pivot.tag_id AS pivot__tag_id,pivot.blog_id AS pivot__blog_id,pivot.create_time AS pivot__create_time,pivot.update_time AS pivot__update_time,pivot.delete_time AS pivot__delete_time FROM `think_tags` INNER JOIN `think_blogs_tags` `pivot` ON `pivot`.`tag_id`=`think_tags`.`id` WHERE  `pivot`.`blog_id` = 1 [ RunTime:0.000585s ]
[ sql ] [ EXPLAIN : array (
  'id' => 1,
  'select_type' => 'SIMPLE',
  'table' => 'pivot',
  'partitions' => NULL,
  'type' => 'ALL',
  'possible_keys' => NULL,
  'key' => NULL,
  'key_len' => NULL,
  'ref' => NULL,
  'rows' => 2,
  'filtered' => 50,
  'extra' => 'Using where',
) ]
[ sql ] [ SQL ] SELECT * FROM `think_blog` WHERE  `id` = 2 LIMIT 1 [ RunTime:0.000466s ]
[ sql ] [ EXPLAIN : array (
  'id' => 1,
  'select_type' => 'SIMPLE',
  'table' => 'think_blog',
  'partitions' => NULL,
  'type' => 'const',
  'possible_keys' => 'PRIMARY',
  'key' => 'PRIMARY',
  'key_len' => '4',
  'ref' => 'const',
  'rows' => 1,
  'filtered' => 100,
  'extra' => NULL,
) ]
[ sql ] [ SQL ] SELECT * FROM `think_cate` WHERE  `id` = 1 LIMIT 1 [ RunTime:0.000452s ]
[ sql ] [ EXPLAIN : array (
  'id' => 1,
  'select_type' => 'SIMPLE',
  'table' => 'think_cate',
  'partitions' => NULL,
  'type' => 'const',
  'possible_keys' => 'PRIMARY',
  'key' => 'PRIMARY',
  'key_len' => '4',
  'ref' => 'const',
  'rows' => 1,
  'filtered' => 100,
  'extra' => NULL,
) ]
[ sql ] [ SQL ] SELECT * FROM `think_blog` WHERE  `id` = 2 LIMIT 1 [ RunTime:0.000460s ]
[ sql ] [ EXPLAIN : array (
  'id' => 1,
  'select_type' => 'SIMPLE',
  'table' => 'think_blog',
  'partitions' => NULL,
  'type' => 'const',
  'possible_keys' => 'PRIMARY',
  'key' => 'PRIMARY',
  'key_len' => '4',
  'ref' => 'const',
  'rows' => 1,
  'filtered' => 100,
  'extra' => NULL,
) ]
[ sql ] [ SQL ] SELECT `think_tags`.*,pivot.id AS pivot__id,pivot.tag_id AS pivot__tag_id,pivot.blog_id AS pivot__blog_id,pivot.create_time AS pivot__create_time,pivot.update_time AS pivot__update_time,pivot.delete_time AS pivot__delete_time FROM `think_tags` INNER JOIN `think_blogs_tags` `pivot` ON `pivot`.`tag_id`=`think_tags`.`id` WHERE  `pivot`.`blog_id` = 2 [ RunTime:0.000482s ]
[ sql ] [ EXPLAIN : array (
  'id' => 1,
  'select_type' => 'SIMPLE',
  'table' => 'pivot',
  'partitions' => NULL,
  'type' => 'ALL',
  'possible_keys' => NULL,
  'key' => NULL,
  'key_len' => NULL,
  'ref' => NULL,
  'rows' => 2,
  'filtered' => 50,
  'extra' => 'Using where',
) ]
---------------------------------------------------------------
[ 2019-01-27T20:34:49+08:00 ] 127.0.0.1 GET localhost/blog/python/detail/id/2.html
[运行时间：0.095554s] [吞吐率：10.47req/s] [内存消耗：4,227.48kb] [文件加载：50]
[ info ] [ LANG ] D:\server\nginx\html\phpapp\thinkphp\lang\zh-cn.php
[ info ] [ ROUTE ] array (
  'type' => 'module',
  'module' => 
  array (
    0 => 'blog',
    1 => 'python',
    2 => 'detail',
  ),
)
[ info ] [ HEADER ] array (
  'cookie' => 'thinkphp_show_page_trace=0|0; thinkphp_show_page_trace=0|4; thinkphp_show_page_trace=0|0',
  'accept-language' => 'zh-CN,zh;q=0.9',
  'accept-encoding' => 'gzip, deflate, br',
  'referer' => 'http://localhost/blog/python',
  'accept' => 'text/html,application/xhtml+xml,application/xml;q=0.9,image/webp,image/apng,*/*;q=0.8',
  'user-agent' => 'Mozilla/5.0 (Windows NT 6.3; Win64; x64) AppleWebKit/537.36 (KHTML, like Gecko) Chrome/70.0.3538.102 Safari/537.36',
  'upgrade-insecure-requests' => '1',
  'cache-control' => 'no-cache',
  'pragma' => 'no-cache',
  'connection' => 'keep-alive',
  'host' => 'localhost',
  'content-length' => '',
  'content-type' => '',
)
[ info ] [ PARAM ] array (
  'id' => '2',
)
[ info ] [ RUN ] app\blog\controller\Python->detail[ D:\server\nginx\html\phpapp\application\blog\controller\Python.php ]
[ info ] [ DB ] INIT mysql
[ info ] [ VIEW ] D:\server\nginx\html/phpapp/application/blog\view\detail\detail.html [ array (
  0 => 'id',
  1 => 'blogdetail',
  2 => 'blogcomments',
) ]
[ info ] [ LOG ] INIT File
[ sql ] [ DB ] CONNECT:[ UseTime:0.001112s ] mysql:host=127.0.0.1;port=3306;dbname=tp;charset=utf8
[ sql ] [ SQL ] SHOW COLUMNS FROM `think_blog` [ RunTime:0.000889s ]
[ sql ] [ SQL ] SELECT * FROM `think_blog` WHERE  `id` = 2 LIMIT 1 [ RunTime:0.001215s ]
[ sql ] [ EXPLAIN : array (
  'id' => 1,
  'select_type' => 'SIMPLE',
  'table' => 'think_blog',
  'partitions' => NULL,
  'type' => 'const',
  'possible_keys' => 'PRIMARY',
  'key' => 'PRIMARY',
  'key_len' => '4',
  'ref' => 'const',
  'rows' => 1,
  'filtered' => 100,
  'extra' => NULL,
) ]
[ sql ] [ SQL ] SHOW COLUMNS FROM `think_blogs_tags` [ RunTime:0.039646s ]
[ sql ] [ SQL ] SHOW COLUMNS FROM `think_tags` [ RunTime:0.000819s ]
[ sql ] [ SQL ] SELECT `think_tags`.*,pivot.id AS pivot__id,pivot.tag_id AS pivot__tag_id,pivot.blog_id AS pivot__blog_id,pivot.create_time AS pivot__create_time,pivot.update_time AS pivot__update_time,pivot.delete_time AS pivot__delete_time FROM `think_tags` INNER JOIN `think_blogs_tags` `pivot` ON `pivot`.`tag_id`=`think_tags`.`id` WHERE  `pivot`.`blog_id` = 2 [ RunTime:0.001100s ]
[ sql ] [ EXPLAIN : array (
  'id' => 1,
  'select_type' => 'SIMPLE',
  'table' => 'pivot',
  'partitions' => NULL,
  'type' => 'ALL',
  'possible_keys' => NULL,
  'key' => NULL,
  'key_len' => NULL,
  'ref' => NULL,
  'rows' => 2,
  'filtered' => 50,
  'extra' => 'Using where',
) ]
[ sql ] [ SQL ] SHOW COLUMNS FROM `think_comments` [ RunTime:0.000809s ]
[ sql ] [ SQL ] SELECT * FROM `think_comments` WHERE  `delete_time` IS NULL  AND `blog_id` = 2 [ RunTime:0.000524s ]
[ sql ] [ EXPLAIN : array (
  'id' => 1,
  'select_type' => 'SIMPLE',
  'table' => 'think_comments',
  'partitions' => NULL,
  'type' => 'ALL',
  'possible_keys' => NULL,
  'key' => NULL,
  'key_len' => NULL,
  'ref' => NULL,
  'rows' => 2,
  'filtered' => 50,
  'extra' => 'Using where',
) ]
---------------------------------------------------------------
[ 2019-01-27T20:34:55+08:00 ] 127.0.0.1 POST localhost/blog/python/comment
[运行时间：0.175358s] [吞吐率：5.70req/s] [内存消耗：3,429.59kb] [文件加载：39]
[ info ] [ LANG ] D:\server\nginx\html\phpapp\thinkphp\lang\zh-cn.php
[ info ] [ ROUTE ] array (
  'type' => 'module',
  'module' => 
  array (
    0 => 'blog',
    1 => 'python',
    2 => 'comment',
  ),
)
[ info ] [ HEADER ] array (
  'cookie' => 'thinkphp_show_page_trace=0|4; thinkphp_show_page_trace=0|0',
  'accept-language' => 'zh-CN,zh;q=0.9',
  'accept-encoding' => 'gzip, deflate, br',
  'referer' => 'http://localhost/blog/python/detail/id/2.html',
  'content-type' => 'application/x-www-form-urlencoded; charset=UTF-8',
  'user-agent' => 'Mozilla/5.0 (Windows NT 6.3; Win64; x64) AppleWebKit/537.36 (KHTML, like Gecko) Chrome/70.0.3538.102 Safari/537.36',
  'x-requested-with' => 'XMLHttpRequest',
  'origin' => 'http://localhost',
  'accept' => 'application/json, text/javascript, */*; q=0.01',
  'cache-control' => 'no-cache',
  'pragma' => 'no-cache',
  'content-length' => '51',
  'connection' => 'keep-alive',
  'host' => 'localhost',
)
[ info ] [ PARAM ] array (
  'blog_id' => '2',
  'comment_text' => 'A啊啊啊',
)
[ info ] [ RUN ] app\blog\controller\Python->comment[ D:\server\nginx\html\phpapp\application\blog\controller\Python.php ]
[ info ] [ DB ] INIT mysql
[ info ] [ LOG ] INIT File
[ sql ] [ DB ] CONNECT:[ UseTime:0.001139s ] mysql:host=127.0.0.1;port=3306;dbname=tp;charset=utf8
[ sql ] [ SQL ] SHOW COLUMNS FROM `think_comments` [ RunTime:0.001340s ]
[ sql ] [ SQL ] INSERT INTO `think_comments` (`blog_id` , `comment_text` , `create_time` , `update_time`) VALUES (2 , 'A啊啊啊' , 1548592495 , 1548592495) [ RunTime:0.144565s ]
---------------------------------------------------------------
[ 2019-01-27T20:34:57+08:00 ] 127.0.0.1 GET localhost/blog/python/detail/id/2.html
[运行时间：0.073722s] [吞吐率：13.56req/s] [内存消耗：4,228.02kb] [文件加载：50]
[ info ] [ LANG ] D:\server\nginx\html\phpapp\thinkphp\lang\zh-cn.php
[ info ] [ ROUTE ] array (
  'type' => 'module',
  'module' => 
  array (
    0 => 'blog',
    1 => 'python',
    2 => 'detail',
  ),
)
[ info ] [ HEADER ] array (
  'cookie' => 'thinkphp_show_page_trace=0|0; thinkphp_show_page_trace=0|4; thinkphp_show_page_trace=0|0',
  'accept-language' => 'zh-CN,zh;q=0.9',
  'accept-encoding' => 'gzip, deflate, br',
  'referer' => 'http://localhost/blog/python',
  'accept' => 'text/html,application/xhtml+xml,application/xml;q=0.9,image/webp,image/apng,*/*;q=0.8',
  'user-agent' => 'Mozilla/5.0 (Windows NT 6.3; Win64; x64) AppleWebKit/537.36 (KHTML, like Gecko) Chrome/70.0.3538.102 Safari/537.36',
  'upgrade-insecure-requests' => '1',
  'cache-control' => 'no-cache',
  'pragma' => 'no-cache',
  'connection' => 'keep-alive',
  'host' => 'localhost',
  'content-length' => '',
  'content-type' => '',
)
[ info ] [ PARAM ] array (
  'id' => '2',
)
[ info ] [ RUN ] app\blog\controller\Python->detail[ D:\server\nginx\html\phpapp\application\blog\controller\Python.php ]
[ info ] [ DB ] INIT mysql
[ info ] [ VIEW ] D:\server\nginx\html/phpapp/application/blog\view\detail\detail.html [ array (
  0 => 'id',
  1 => 'blogdetail',
  2 => 'blogcomments',
) ]
[ info ] [ LOG ] INIT File
[ sql ] [ DB ] CONNECT:[ UseTime:0.001115s ] mysql:host=127.0.0.1;port=3306;dbname=tp;charset=utf8
[ sql ] [ SQL ] SHOW COLUMNS FROM `think_blog` [ RunTime:0.016822s ]
[ sql ] [ SQL ] SELECT * FROM `think_blog` WHERE  `id` = 2 LIMIT 1 [ RunTime:0.000568s ]
[ sql ] [ EXPLAIN : array (
  'id' => 1,
  'select_type' => 'SIMPLE',
  'table' => 'think_blog',
  'partitions' => NULL,
  'type' => 'const',
  'possible_keys' => 'PRIMARY',
  'key' => 'PRIMARY',
  'key_len' => '4',
  'ref' => 'const',
  'rows' => 1,
  'filtered' => 100,
  'extra' => NULL,
) ]
[ sql ] [ SQL ] SHOW COLUMNS FROM `think_blogs_tags` [ RunTime:0.000794s ]
[ sql ] [ SQL ] SHOW COLUMNS FROM `think_tags` [ RunTime:0.000757s ]
[ sql ] [ SQL ] SELECT `think_tags`.*,pivot.id AS pivot__id,pivot.tag_id AS pivot__tag_id,pivot.blog_id AS pivot__blog_id,pivot.create_time AS pivot__create_time,pivot.update_time AS pivot__update_time,pivot.delete_time AS pivot__delete_time FROM `think_tags` INNER JOIN `think_blogs_tags` `pivot` ON `pivot`.`tag_id`=`think_tags`.`id` WHERE  `pivot`.`blog_id` = 2 [ RunTime:0.000663s ]
[ sql ] [ EXPLAIN : array (
  'id' => 1,
  'select_type' => 'SIMPLE',
  'table' => 'pivot',
  'partitions' => NULL,
  'type' => 'ALL',
  'possible_keys' => NULL,
  'key' => NULL,
  'key_len' => NULL,
  'ref' => NULL,
  'rows' => 2,
  'filtered' => 50,
  'extra' => 'Using where',
) ]
[ sql ] [ SQL ] SHOW COLUMNS FROM `think_comments` [ RunTime:0.001159s ]
[ sql ] [ SQL ] SELECT * FROM `think_comments` WHERE  `delete_time` IS NULL  AND `blog_id` = 2 [ RunTime:0.000567s ]
[ sql ] [ EXPLAIN : array (
  'id' => 1,
  'select_type' => 'SIMPLE',
  'table' => 'think_comments',
  'partitions' => NULL,
  'type' => 'ALL',
  'possible_keys' => NULL,
  'key' => NULL,
  'key_len' => NULL,
  'ref' => NULL,
  'rows' => 3,
  'filtered' => 33.333335876464844,
  'extra' => 'Using where',
) ]
---------------------------------------------------------------
[ 2019-01-27T20:39:52+08:00 ] 127.0.0.1 GET localhost/blog/python/detail/id/2.html
[运行时间：0.061346s] [吞吐率：16.30req/s] [内存消耗：4,228.02kb] [文件加载：50]
[ info ] [ LANG ] D:\server\nginx\html\phpapp\thinkphp\lang\zh-cn.php
[ info ] [ ROUTE ] array (
  'type' => 'module',
  'module' => 
  array (
    0 => 'blog',
    1 => 'python',
    2 => 'detail',
  ),
)
[ info ] [ HEADER ] array (
  'cookie' => 'thinkphp_show_page_trace=0|0; thinkphp_show_page_trace=0|4; thinkphp_show_page_trace=0|0',
  'accept-language' => 'zh-CN,zh;q=0.9',
  'accept-encoding' => 'gzip, deflate, br',
  'referer' => 'http://localhost/blog/python',
  'accept' => 'text/html,application/xhtml+xml,application/xml;q=0.9,image/webp,image/apng,*/*;q=0.8',
  'user-agent' => 'Mozilla/5.0 (Windows NT 6.3; Win64; x64) AppleWebKit/537.36 (KHTML, like Gecko) Chrome/70.0.3538.102 Safari/537.36',
  'upgrade-insecure-requests' => '1',
  'cache-control' => 'no-cache',
  'pragma' => 'no-cache',
  'connection' => 'keep-alive',
  'host' => 'localhost',
  'content-length' => '',
  'content-type' => '',
)
[ info ] [ PARAM ] array (
  'id' => '2',
)
[ info ] [ RUN ] app\blog\controller\Python->detail[ D:\server\nginx\html\phpapp\application\blog\controller\Python.php ]
[ info ] [ DB ] INIT mysql
[ info ] [ VIEW ] D:\server\nginx\html/phpapp/application/blog\view\detail\detail.html [ array (
  0 => 'id',
  1 => 'blogdetail',
  2 => 'blogcomments',
) ]
[ info ] [ LOG ] INIT File
[ sql ] [ DB ] CONNECT:[ UseTime:0.010523s ] mysql:host=127.0.0.1;port=3306;dbname=tp;charset=utf8
[ sql ] [ SQL ] SHOW COLUMNS FROM `think_blog` [ RunTime:0.000948s ]
[ sql ] [ SQL ] SELECT * FROM `think_blog` WHERE  `id` = 2 LIMIT 1 [ RunTime:0.000593s ]
[ sql ] [ EXPLAIN : array (
  'id' => 1,
  'select_type' => 'SIMPLE',
  'table' => 'think_blog',
  'partitions' => NULL,
  'type' => 'const',
  'possible_keys' => 'PRIMARY',
  'key' => 'PRIMARY',
  'key_len' => '4',
  'ref' => 'const',
  'rows' => 1,
  'filtered' => 100,
  'extra' => NULL,
) ]
[ sql ] [ SQL ] SHOW COLUMNS FROM `think_blogs_tags` [ RunTime:0.000898s ]
[ sql ] [ SQL ] SHOW COLUMNS FROM `think_tags` [ RunTime:0.000712s ]
[ sql ] [ SQL ] SELECT `think_tags`.*,pivot.id AS pivot__id,pivot.tag_id AS pivot__tag_id,pivot.blog_id AS pivot__blog_id,pivot.create_time AS pivot__create_time,pivot.update_time AS pivot__update_time,pivot.delete_time AS pivot__delete_time FROM `think_tags` INNER JOIN `think_blogs_tags` `pivot` ON `pivot`.`tag_id`=`think_tags`.`id` WHERE  `pivot`.`blog_id` = 2 [ RunTime:0.001095s ]
[ sql ] [ EXPLAIN : array (
  'id' => 1,
  'select_type' => 'SIMPLE',
  'table' => 'pivot',
  'partitions' => NULL,
  'type' => 'ALL',
  'possible_keys' => NULL,
  'key' => NULL,
  'key_len' => NULL,
  'ref' => NULL,
  'rows' => 2,
  'filtered' => 50,
  'extra' => 'Using where',
) ]
[ sql ] [ SQL ] SHOW COLUMNS FROM `think_comments` [ RunTime:0.000845s ]
[ sql ] [ SQL ] SELECT * FROM `think_comments` WHERE  `delete_time` IS NULL  AND `blog_id` = 2 [ RunTime:0.000546s ]
[ sql ] [ EXPLAIN : array (
  'id' => 1,
  'select_type' => 'SIMPLE',
  'table' => 'think_comments',
  'partitions' => NULL,
  'type' => 'ALL',
  'possible_keys' => NULL,
  'key' => NULL,
  'key_len' => NULL,
  'ref' => NULL,
  'rows' => 3,
  'filtered' => 33.333335876464844,
  'extra' => 'Using where',
) ]
---------------------------------------------------------------
[ 2019-01-27T20:39:58+08:00 ] 127.0.0.1 GET localhost/blog/python
[运行时间：0.076600s] [吞吐率：13.05req/s] [内存消耗：4,417.37kb] [文件加载：53]
[ info ] [ LANG ] D:\server\nginx\html\phpapp\thinkphp\lang\zh-cn.php
[ info ] [ ROUTE ] array (
  'type' => 'module',
  'module' => 
  array (
    0 => 'blog',
    1 => 'python',
    2 => NULL,
  ),
)
[ info ] [ HEADER ] array (
  'cookie' => 'thinkphp_show_page_trace=0|4; thinkphp_show_page_trace=0|0',
  'accept-language' => 'zh-CN,zh;q=0.9',
  'accept-encoding' => 'gzip, deflate, br',
  'referer' => 'http://localhost/blog/python/detail/id/2.html',
  'accept' => 'text/html,application/xhtml+xml,application/xml;q=0.9,image/webp,image/apng,*/*;q=0.8',
  'user-agent' => 'Mozilla/5.0 (Windows NT 6.3; Win64; x64) AppleWebKit/537.36 (KHTML, like Gecko) Chrome/70.0.3538.102 Safari/537.36',
  'upgrade-insecure-requests' => '1',
  'cache-control' => 'no-cache',
  'pragma' => 'no-cache',
  'connection' => 'keep-alive',
  'host' => 'localhost',
  'content-length' => '',
  'content-type' => '',
)
[ info ] [ PARAM ] array (
)
[ info ] [ RUN ] app\blog\controller\Python->index[ D:\server\nginx\html\phpapp\application\blog\controller\Python.php ]
[ info ] [ DB ] INIT mysql
[ info ] [ VIEW ] D:\server\nginx\html/phpapp/application/blog\view\contents\contents.html [ array (
  0 => 'bloglist',
  1 => 'pagecount',
) ]
[ info ] [ LOG ] INIT File
[ sql ] [ DB ] CONNECT:[ UseTime:0.001232s ] mysql:host=127.0.0.1;port=3306;dbname=tp;charset=utf8
[ sql ] [ SQL ] SHOW COLUMNS FROM `think_blog` [ RunTime:0.001018s ]
[ sql ] [ SQL ] SELECT * FROM `think_blog` WHERE  `delete_time` IS NULL LIMIT 0,10 [ RunTime:0.002165s ]
[ sql ] [ EXPLAIN : array (
  'id' => 1,
  'select_type' => 'SIMPLE',
  'table' => 'think_blog',
  'partitions' => NULL,
  'type' => 'ALL',
  'possible_keys' => NULL,
  'key' => NULL,
  'key_len' => NULL,
  'ref' => NULL,
  'rows' => 2,
  'filtered' => 50,
  'extra' => 'Using where',
) ]
[ sql ] [ SQL ] SELECT COUNT(*) AS tp_count FROM `think_blog` WHERE  `delete_time` IS NULL LIMIT 1 [ RunTime:0.000449s ]
[ sql ] [ EXPLAIN : array (
  'id' => 1,
  'select_type' => 'SIMPLE',
  'table' => 'think_blog',
  'partitions' => NULL,
  'type' => 'ALL',
  'possible_keys' => NULL,
  'key' => NULL,
  'key_len' => NULL,
  'ref' => NULL,
  'rows' => 2,
  'filtered' => 50,
  'extra' => 'Using where',
) ]
[ sql ] [ SQL ] SELECT * FROM `think_blog` WHERE  `id` = 1 LIMIT 1 [ RunTime:0.000500s ]
[ sql ] [ EXPLAIN : array (
  'id' => 1,
  'select_type' => 'SIMPLE',
  'table' => 'think_blog',
  'partitions' => NULL,
  'type' => 'const',
  'possible_keys' => 'PRIMARY',
  'key' => 'PRIMARY',
  'key_len' => '4',
  'ref' => 'const',
  'rows' => 1,
  'filtered' => 100,
  'extra' => NULL,
) ]
[ sql ] [ SQL ] SHOW COLUMNS FROM `think_cate` [ RunTime:0.000879s ]
[ sql ] [ SQL ] SELECT * FROM `think_cate` WHERE  `id` = 1 LIMIT 1 [ RunTime:0.000481s ]
[ sql ] [ EXPLAIN : array (
  'id' => 1,
  'select_type' => 'SIMPLE',
  'table' => 'think_cate',
  'partitions' => NULL,
  'type' => 'const',
  'possible_keys' => 'PRIMARY',
  'key' => 'PRIMARY',
  'key_len' => '4',
  'ref' => 'const',
  'rows' => 1,
  'filtered' => 100,
  'extra' => NULL,
) ]
[ sql ] [ SQL ] SELECT * FROM `think_blog` WHERE  `id` = 1 LIMIT 1 [ RunTime:0.000493s ]
[ sql ] [ EXPLAIN : array (
  'id' => 1,
  'select_type' => 'SIMPLE',
  'table' => 'think_blog',
  'partitions' => NULL,
  'type' => 'const',
  'possible_keys' => 'PRIMARY',
  'key' => 'PRIMARY',
  'key_len' => '4',
  'ref' => 'const',
  'rows' => 1,
  'filtered' => 100,
  'extra' => NULL,
) ]
[ sql ] [ SQL ] SHOW COLUMNS FROM `think_blogs_tags` [ RunTime:0.000803s ]
[ sql ] [ SQL ] SHOW COLUMNS FROM `think_tags` [ RunTime:0.000730s ]
[ sql ] [ SQL ] SELECT `think_tags`.*,pivot.id AS pivot__id,pivot.tag_id AS pivot__tag_id,pivot.blog_id AS pivot__blog_id,pivot.create_time AS pivot__create_time,pivot.update_time AS pivot__update_time,pivot.delete_time AS pivot__delete_time FROM `think_tags` INNER JOIN `think_blogs_tags` `pivot` ON `pivot`.`tag_id`=`think_tags`.`id` WHERE  `pivot`.`blog_id` = 1 [ RunTime:0.000626s ]
[ sql ] [ EXPLAIN : array (
  'id' => 1,
  'select_type' => 'SIMPLE',
  'table' => 'pivot',
  'partitions' => NULL,
  'type' => 'ALL',
  'possible_keys' => NULL,
  'key' => NULL,
  'key_len' => NULL,
  'ref' => NULL,
  'rows' => 2,
  'filtered' => 50,
  'extra' => 'Using where',
) ]
[ sql ] [ SQL ] SELECT * FROM `think_blog` WHERE  `id` = 2 LIMIT 1 [ RunTime:0.000819s ]
[ sql ] [ EXPLAIN : array (
  'id' => 1,
  'select_type' => 'SIMPLE',
  'table' => 'think_blog',
  'partitions' => NULL,
  'type' => 'const',
  'possible_keys' => 'PRIMARY',
  'key' => 'PRIMARY',
  'key_len' => '4',
  'ref' => 'const',
  'rows' => 1,
  'filtered' => 100,
  'extra' => NULL,
) ]
[ sql ] [ SQL ] SELECT * FROM `think_cate` WHERE  `id` = 1 LIMIT 1 [ RunTime:0.000473s ]
[ sql ] [ EXPLAIN : array (
  'id' => 1,
  'select_type' => 'SIMPLE',
  'table' => 'think_cate',
  'partitions' => NULL,
  'type' => 'const',
  'possible_keys' => 'PRIMARY',
  'key' => 'PRIMARY',
  'key_len' => '4',
  'ref' => 'const',
  'rows' => 1,
  'filtered' => 100,
  'extra' => NULL,
) ]
[ sql ] [ SQL ] SELECT * FROM `think_blog` WHERE  `id` = 2 LIMIT 1 [ RunTime:0.000477s ]
[ sql ] [ EXPLAIN : array (
  'id' => 1,
  'select_type' => 'SIMPLE',
  'table' => 'think_blog',
  'partitions' => NULL,
  'type' => 'const',
  'possible_keys' => 'PRIMARY',
  'key' => 'PRIMARY',
  'key_len' => '4',
  'ref' => 'const',
  'rows' => 1,
  'filtered' => 100,
  'extra' => NULL,
) ]
[ sql ] [ SQL ] SELECT `think_tags`.*,pivot.id AS pivot__id,pivot.tag_id AS pivot__tag_id,pivot.blog_id AS pivot__blog_id,pivot.create_time AS pivot__create_time,pivot.update_time AS pivot__update_time,pivot.delete_time AS pivot__delete_time FROM `think_tags` INNER JOIN `think_blogs_tags` `pivot` ON `pivot`.`tag_id`=`think_tags`.`id` WHERE  `pivot`.`blog_id` = 2 [ RunTime:0.000537s ]
[ sql ] [ EXPLAIN : array (
  'id' => 1,
  'select_type' => 'SIMPLE',
  'table' => 'pivot',
  'partitions' => NULL,
  'type' => 'ALL',
  'possible_keys' => NULL,
  'key' => NULL,
  'key_len' => NULL,
  'ref' => NULL,
  'rows' => 2,
  'filtered' => 50,
  'extra' => 'Using where',
) ]
