---------------------------------------------------------------
[ 2019-05-11T23:58:37+08:00 ] 127.0.0.1 GET localhost/
[运行时间：1.268892s] [吞吐率：0.79req/s] [内存消耗：4,261.70kb] [文件加载：69]
[ info ] [ LANG ] D:\server\nginx\html\phpapp\thinkphp\lang\zh-cn.php
[ info ] [ ROUTE ] array (
  'type' => 'module',
  'module' => 
  array (
    0 => '',
    1 => NULL,
    2 => NULL,
  ),
)
[ info ] [ HEADER ] array (
  'cookie' => 'PHPSESSID=ecjbdpm9v6ec9h7gc85al5e9vu; thinkphp_show_page_trace=0|0; msgData=%3Cp%3E%3Ci%3E%20%20%E6%80%BB%E6%9C%89%E4%BA%9B%E6%83%8A%E5%A5%87%E7%9A%84%E9%99%85%E9%81%87%3Cbr%3E%E6%AF%94%E6%96%B9%E8%AF%B4%E5%BD%93%E6%88%91%E9%81%87%E8%A7%81%E4%BD%A0%EF%BC%81%3C%2Fi%3E%3C%2Fp%3E',
  'accept-language' => 'zh-CN,zh;q=0.9',
  'accept-encoding' => 'gzip, deflate, br',
  'referer' => 'http://localhost/user?id=1',
  'accept' => 'text/html,application/xhtml+xml,application/xml;q=0.9,image/webp,image/apng,*/*;q=0.8',
  'user-agent' => 'Mozilla/5.0 (Windows NT 6.3; Win64; x64) AppleWebKit/537.36 (KHTML, like Gecko) Chrome/72.0.3626.121 Safari/537.36',
  'upgrade-insecure-requests' => '1',
  'cache-control' => 'max-age=0',
  'connection' => 'keep-alive',
  'host' => 'localhost',
  'content-length' => '',
  'content-type' => '',
)
[ info ] [ PARAM ] array (
)
[ info ] [ DB ] INIT mysql
[ info ] [ SESSION ] INIT array (
  'id' => '',
  'var_session_id' => '',
  'prefix' => 'think',
  'type' => '',
  'auto_start' => true,
)
[ info ] [ RUN ] app\blog\controller\Index->index[ D:\server\nginx\html\phpapp\application\blog\controller\Index.php ]
[ info ] [ VIEW ] D:\server\nginx\html/phpapp/application/blog\view\blog\blog.html [ array (
  0 => 'nickname',
  1 => 'username',
  2 => 'nav',
  3 => 'webdata',
  4 => 'cates',
  5 => 'bannerImagesData',
  6 => 'lastUpdateData',
  7 => 'blogRankData',
  8 => 'tagData',
  9 => 'linkData',
  10 => 'userImageUrlData',
  11 => 'checkInData',
  12 => 'btnTextData',
) ]
[ info ] [ LOG ] INIT File
[ sql ] [ DB ] CONNECT:[ UseTime:0.001224s ] mysql:host=127.0.0.1;port=3306;dbname=tp;charset=utf8
[ sql ] [ SQL ] SHOW COLUMNS FROM `think_web` [ RunTime:0.000961s ]
[ sql ] [ SQL ] SELECT * FROM `think_web` WHERE  `id` = 1 LIMIT 1 [ RunTime:0.000421s ]
[ sql ] [ EXPLAIN : array (
  'id' => 1,
  'select_type' => 'SIMPLE',
  'table' => 'think_web',
  'partitions' => NULL,
  'type' => 'system',
  'possible_keys' => 'PRIMARY',
  'key' => NULL,
  'key_len' => NULL,
  'ref' => NULL,
  'rows' => 1,
  'filtered' => 100.0,
  'extra' => NULL,
) ]
[ sql ] [ SQL ] SHOW COLUMNS FROM `think_cate` [ RunTime:0.000788s ]
[ sql ] [ SQL ] SELECT * FROM `think_cate` WHERE  `pid` = 0 [ RunTime:0.000382s ]
[ sql ] [ EXPLAIN : array (
  'id' => 1,
  'select_type' => 'SIMPLE',
  'table' => 'think_cate',
  'partitions' => NULL,
  'type' => 'ALL',
  'possible_keys' => NULL,
  'key' => NULL,
  'key_len' => NULL,
  'ref' => NULL,
  'rows' => 10,
  'filtered' => 10.0,
  'extra' => 'Using where',
) ]
[ sql ] [ SQL ] SELECT * FROM `think_cate` WHERE  `pid` = 1 [ RunTime:0.000416s ]
[ sql ] [ EXPLAIN : array (
  'id' => 1,
  'select_type' => 'SIMPLE',
  'table' => 'think_cate',
  'partitions' => NULL,
  'type' => 'ALL',
  'possible_keys' => NULL,
  'key' => NULL,
  'key_len' => NULL,
  'ref' => NULL,
  'rows' => 10,
  'filtered' => 10.0,
  'extra' => 'Using where',
) ]
[ sql ] [ SQL ] SELECT * FROM `think_cate` WHERE  `pid` = 2 [ RunTime:0.000333s ]
[ sql ] [ EXPLAIN : array (
  'id' => 1,
  'select_type' => 'SIMPLE',
  'table' => 'think_cate',
  'partitions' => NULL,
  'type' => 'ALL',
  'possible_keys' => NULL,
  'key' => NULL,
  'key_len' => NULL,
  'ref' => NULL,
  'rows' => 10,
  'filtered' => 10.0,
  'extra' => 'Using where',
) ]
[ sql ] [ SQL ] SELECT * FROM `think_cate` WHERE  `pid` = 3 [ RunTime:0.000324s ]
[ sql ] [ EXPLAIN : array (
  'id' => 1,
  'select_type' => 'SIMPLE',
  'table' => 'think_cate',
  'partitions' => NULL,
  'type' => 'ALL',
  'possible_keys' => NULL,
  'key' => NULL,
  'key_len' => NULL,
  'ref' => NULL,
  'rows' => 10,
  'filtered' => 10.0,
  'extra' => 'Using where',
) ]
[ sql ] [ SQL ] SELECT * FROM `think_cate` WHERE  `pid` = 4 [ RunTime:0.000320s ]
[ sql ] [ EXPLAIN : array (
  'id' => 1,
  'select_type' => 'SIMPLE',
  'table' => 'think_cate',
  'partitions' => NULL,
  'type' => 'ALL',
  'possible_keys' => NULL,
  'key' => NULL,
  'key_len' => NULL,
  'ref' => NULL,
  'rows' => 10,
  'filtered' => 10.0,
  'extra' => 'Using where',
) ]
[ sql ] [ SQL ] SELECT * FROM `think_cate` WHERE  `pid` = 5 [ RunTime:0.000340s ]
[ sql ] [ EXPLAIN : array (
  'id' => 1,
  'select_type' => 'SIMPLE',
  'table' => 'think_cate',
  'partitions' => NULL,
  'type' => 'ALL',
  'possible_keys' => NULL,
  'key' => NULL,
  'key_len' => NULL,
  'ref' => NULL,
  'rows' => 10,
  'filtered' => 10.0,
  'extra' => 'Using where',
) ]
[ sql ] [ SQL ] SELECT * FROM `think_cate` WHERE  `pid` = 6 [ RunTime:0.000283s ]
[ sql ] [ EXPLAIN : array (
  'id' => 1,
  'select_type' => 'SIMPLE',
  'table' => 'think_cate',
  'partitions' => NULL,
  'type' => 'ALL',
  'possible_keys' => NULL,
  'key' => NULL,
  'key_len' => NULL,
  'ref' => NULL,
  'rows' => 10,
  'filtered' => 10.0,
  'extra' => 'Using where',
) ]
[ sql ] [ SQL ] SELECT * FROM `think_cate` WHERE  `pid` = 7 [ RunTime:0.000269s ]
[ sql ] [ EXPLAIN : array (
  'id' => 1,
  'select_type' => 'SIMPLE',
  'table' => 'think_cate',
  'partitions' => NULL,
  'type' => 'ALL',
  'possible_keys' => NULL,
  'key' => NULL,
  'key_len' => NULL,
  'ref' => NULL,
  'rows' => 10,
  'filtered' => 10.0,
  'extra' => 'Using where',
) ]
[ sql ] [ SQL ] SELECT * FROM `think_cate` WHERE  `pid` = 8 [ RunTime:0.000246s ]
[ sql ] [ EXPLAIN : array (
  'id' => 1,
  'select_type' => 'SIMPLE',
  'table' => 'think_cate',
  'partitions' => NULL,
  'type' => 'ALL',
  'possible_keys' => NULL,
  'key' => NULL,
  'key_len' => NULL,
  'ref' => NULL,
  'rows' => 10,
  'filtered' => 10.0,
  'extra' => 'Using where',
) ]
[ sql ] [ SQL ] SELECT * FROM `think_cate` WHERE  `pid` = 9 [ RunTime:0.000318s ]
[ sql ] [ EXPLAIN : array (
  'id' => 1,
  'select_type' => 'SIMPLE',
  'table' => 'think_cate',
  'partitions' => NULL,
  'type' => 'ALL',
  'possible_keys' => NULL,
  'key' => NULL,
  'key_len' => NULL,
  'ref' => NULL,
  'rows' => 10,
  'filtered' => 10.0,
  'extra' => 'Using where',
) ]
[ sql ] [ SQL ] SELECT * FROM `think_cate` WHERE  `pid` = 10 [ RunTime:0.000342s ]
[ sql ] [ EXPLAIN : array (
  'id' => 1,
  'select_type' => 'SIMPLE',
  'table' => 'think_cate',
  'partitions' => NULL,
  'type' => 'ALL',
  'possible_keys' => NULL,
  'key' => NULL,
  'key_len' => NULL,
  'ref' => NULL,
  'rows' => 10,
  'filtered' => 10.0,
  'extra' => 'Using where',
) ]
[ sql ] [ SQL ] SELECT * FROM `think_web` WHERE  `id` = 1 LIMIT 1 [ RunTime:0.000301s ]
[ sql ] [ EXPLAIN : array (
  'id' => 1,
  'select_type' => 'SIMPLE',
  'table' => 'think_web',
  'partitions' => NULL,
  'type' => 'system',
  'possible_keys' => 'PRIMARY',
  'key' => NULL,
  'key_len' => NULL,
  'ref' => NULL,
  'rows' => 1,
  'filtered' => 100.0,
  'extra' => NULL,
) ]
[ sql ] [ SQL ] SELECT * FROM `think_cate` WHERE  `delete_time` IS NULL [ RunTime:0.000250s ]
[ sql ] [ EXPLAIN : array (
  'id' => 1,
  'select_type' => 'SIMPLE',
  'table' => 'think_cate',
  'partitions' => NULL,
  'type' => 'ALL',
  'possible_keys' => NULL,
  'key' => NULL,
  'key_len' => NULL,
  'ref' => NULL,
  'rows' => 10,
  'filtered' => 10.0,
  'extra' => 'Using where',
) ]
[ sql ] [ SQL ] SHOW COLUMNS FROM `think_image` [ RunTime:0.000782s ]
[ sql ] [ SQL ] SELECT `address`,`ext` FROM `think_image` WHERE  `imagecate_id` = '1' [ RunTime:0.000359s ]
[ sql ] [ EXPLAIN : array (
  'id' => 1,
  'select_type' => 'SIMPLE',
  'table' => 'think_image',
  'partitions' => NULL,
  'type' => 'ALL',
  'possible_keys' => NULL,
  'key' => NULL,
  'key_len' => NULL,
  'ref' => NULL,
  'rows' => 6,
  'filtered' => 16.666667938232422,
  'extra' => 'Using where',
) ]
[ sql ] [ SQL ] SHOW COLUMNS FROM `think_blog` [ RunTime:0.000841s ]
[ sql ] [ SQL ] SELECT * FROM `think_blog` WHERE  `delete_time` IS NULL ORDER BY `update_time` DESC LIMIT 10 [ RunTime:0.000572s ]
[ sql ] [ EXPLAIN : array (
  'id' => 1,
  'select_type' => 'SIMPLE',
  'table' => 'think_blog',
  'partitions' => NULL,
  'type' => 'ALL',
  'possible_keys' => NULL,
  'key' => NULL,
  'key_len' => NULL,
  'ref' => NULL,
  'rows' => 3,
  'filtered' => 33.333335876464844,
  'extra' => 'Using where; Using filesort',
) ]
[ sql ] [ SQL ] SELECT * FROM `think_cate` WHERE  `id` = 8 LIMIT 1 [ RunTime:0.000491s ]
[ sql ] [ EXPLAIN : array (
  'id' => 1,
  'select_type' => 'SIMPLE',
  'table' => 'think_cate',
  'partitions' => NULL,
  'type' => 'const',
  'possible_keys' => 'PRIMARY',
  'key' => 'PRIMARY',
  'key_len' => '4',
  'ref' => 'const',
  'rows' => 1,
  'filtered' => 100.0,
  'extra' => NULL,
) ]
[ sql ] [ SQL ] SELECT * FROM `think_blog` WHERE  `id` = 3 LIMIT 1 [ RunTime:0.000428s ]
[ sql ] [ EXPLAIN : array (
  'id' => 1,
  'select_type' => 'SIMPLE',
  'table' => 'think_blog',
  'partitions' => NULL,
  'type' => 'const',
  'possible_keys' => 'PRIMARY',
  'key' => 'PRIMARY',
  'key_len' => '4',
  'ref' => 'const',
  'rows' => 1,
  'filtered' => 100.0,
  'extra' => NULL,
) ]
[ sql ] [ SQL ] SELECT * FROM `think_cate` WHERE  `id` = 8 LIMIT 1 [ RunTime:0.000339s ]
[ sql ] [ EXPLAIN : array (
  'id' => 1,
  'select_type' => 'SIMPLE',
  'table' => 'think_cate',
  'partitions' => NULL,
  'type' => 'const',
  'possible_keys' => 'PRIMARY',
  'key' => 'PRIMARY',
  'key_len' => '4',
  'ref' => 'const',
  'rows' => 1,
  'filtered' => 100.0,
  'extra' => NULL,
) ]
[ sql ] [ SQL ] SELECT * FROM `think_blog` WHERE  `id` = 3 LIMIT 1 [ RunTime:0.000419s ]
[ sql ] [ EXPLAIN : array (
  'id' => 1,
  'select_type' => 'SIMPLE',
  'table' => 'think_blog',
  'partitions' => NULL,
  'type' => 'const',
  'possible_keys' => 'PRIMARY',
  'key' => 'PRIMARY',
  'key_len' => '4',
  'ref' => 'const',
  'rows' => 1,
  'filtered' => 100.0,
  'extra' => NULL,
) ]
[ sql ] [ SQL ] SHOW COLUMNS FROM `think_blogs_tags` [ RunTime:0.000793s ]
[ sql ] [ SQL ] SHOW COLUMNS FROM `think_tags` [ RunTime:0.000553s ]
[ sql ] [ SQL ] SELECT `think_tags`.*,pivot.id AS pivot__id,pivot.tag_id AS pivot__tag_id,pivot.blog_id AS pivot__blog_id,pivot.create_time AS pivot__create_time,pivot.update_time AS pivot__update_time,pivot.delete_time AS pivot__delete_time FROM `think_tags` INNER JOIN `think_blogs_tags` `pivot` ON `pivot`.`tag_id`=`think_tags`.`id` WHERE  `pivot`.`blog_id` = 3 [ RunTime:0.000428s ]
[ sql ] [ EXPLAIN : array (
  'id' => 1,
  'select_type' => 'SIMPLE',
  'table' => 'pivot',
  'partitions' => NULL,
  'type' => 'ALL',
  'possible_keys' => NULL,
  'key' => NULL,
  'key_len' => NULL,
  'ref' => NULL,
  'rows' => 4,
  'filtered' => 25.0,
  'extra' => 'Using where',
) ]
[ sql ] [ SQL ] SHOW COLUMNS FROM `think_users` [ RunTime:0.000572s ]
[ sql ] [ SQL ] SELECT * FROM `think_users` WHERE  `id` = 1 LIMIT 1 [ RunTime:0.000335s ]
[ sql ] [ EXPLAIN : array (
  'id' => 1,
  'select_type' => 'SIMPLE',
  'table' => 'think_users',
  'partitions' => NULL,
  'type' => 'const',
  'possible_keys' => 'PRIMARY',
  'key' => 'PRIMARY',
  'key_len' => '4',
  'ref' => 'const',
  'rows' => 1,
  'filtered' => 100.0,
  'extra' => NULL,
) ]
[ sql ] [ SQL ] SHOW COLUMNS FROM `think_imagecate` [ RunTime:0.000526s ]
[ sql ] [ SQL ] SELECT * FROM `think_imagecate` WHERE  `id` = 4 LIMIT 1 [ RunTime:0.000310s ]
[ sql ] [ EXPLAIN : array (
  'id' => 1,
  'select_type' => 'SIMPLE',
  'table' => 'think_imagecate',
  'partitions' => NULL,
  'type' => 'const',
  'possible_keys' => 'PRIMARY',
  'key' => 'PRIMARY',
  'key_len' => '4',
  'ref' => 'const',
  'rows' => 1,
  'filtered' => 100.0,
  'extra' => NULL,
) ]
[ sql ] [ SQL ] SELECT * FROM `think_image` WHERE  `id` = 1 LIMIT 1 [ RunTime:0.000277s ]
[ sql ] [ EXPLAIN : array (
  'id' => 1,
  'select_type' => 'SIMPLE',
  'table' => 'think_image',
  'partitions' => NULL,
  'type' => 'const',
  'possible_keys' => 'PRIMARY',
  'key' => 'PRIMARY',
  'key_len' => '4',
  'ref' => 'const',
  'rows' => 1,
  'filtered' => 100.0,
  'extra' => NULL,
) ]
[ sql ] [ SQL ] SHOW COLUMNS FROM `think_comments` [ RunTime:0.000948s ]
[ sql ] [ SQL ] SELECT COUNT(*) AS tp_count FROM `think_comments` WHERE  `blog_id` = 3 LIMIT 1 [ RunTime:0.000390s ]
[ sql ] [ EXPLAIN : array (
  'id' => 1,
  'select_type' => 'SIMPLE',
  'table' => 'think_comments',
  'partitions' => NULL,
  'type' => 'ALL',
  'possible_keys' => NULL,
  'key' => NULL,
  'key_len' => NULL,
  'ref' => NULL,
  'rows' => 1,
  'filtered' => 100.0,
  'extra' => 'Using where',
) ]
[ sql ] [ SQL ] SELECT * FROM `think_imagecate` WHERE  `id` = 2 LIMIT 1 [ RunTime:0.000340s ]
[ sql ] [ EXPLAIN : array (
  'id' => 1,
  'select_type' => 'SIMPLE',
  'table' => 'think_imagecate',
  'partitions' => NULL,
  'type' => 'const',
  'possible_keys' => 'PRIMARY',
  'key' => 'PRIMARY',
  'key_len' => '4',
  'ref' => 'const',
  'rows' => 1,
  'filtered' => 100.0,
  'extra' => NULL,
) ]
[ sql ] [ SQL ] SELECT * FROM `think_cate` WHERE  `id` = 1 LIMIT 1 [ RunTime:0.000343s ]
[ sql ] [ EXPLAIN : array (
  'id' => 1,
  'select_type' => 'SIMPLE',
  'table' => 'think_cate',
  'partitions' => NULL,
  'type' => 'const',
  'possible_keys' => 'PRIMARY',
  'key' => 'PRIMARY',
  'key_len' => '4',
  'ref' => 'const',
  'rows' => 1,
  'filtered' => 100.0,
  'extra' => NULL,
) ]
[ sql ] [ SQL ] SELECT * FROM `think_blog` WHERE  `id` = 2 LIMIT 1 [ RunTime:0.000329s ]
[ sql ] [ EXPLAIN : array (
  'id' => 1,
  'select_type' => 'SIMPLE',
  'table' => 'think_blog',
  'partitions' => NULL,
  'type' => 'const',
  'possible_keys' => 'PRIMARY',
  'key' => 'PRIMARY',
  'key_len' => '4',
  'ref' => 'const',
  'rows' => 1,
  'filtered' => 100.0,
  'extra' => NULL,
) ]
[ sql ] [ SQL ] SELECT * FROM `think_cate` WHERE  `id` = 1 LIMIT 1 [ RunTime:0.000275s ]
[ sql ] [ EXPLAIN : array (
  'id' => 1,
  'select_type' => 'SIMPLE',
  'table' => 'think_cate',
  'partitions' => NULL,
  'type' => 'const',
  'possible_keys' => 'PRIMARY',
  'key' => 'PRIMARY',
  'key_len' => '4',
  'ref' => 'const',
  'rows' => 1,
  'filtered' => 100.0,
  'extra' => NULL,
) ]
[ sql ] [ SQL ] SELECT * FROM `think_blog` WHERE  `id` = 2 LIMIT 1 [ RunTime:0.000290s ]
[ sql ] [ EXPLAIN : array (
  'id' => 1,
  'select_type' => 'SIMPLE',
  'table' => 'think_blog',
  'partitions' => NULL,
  'type' => 'const',
  'possible_keys' => 'PRIMARY',
  'key' => 'PRIMARY',
  'key_len' => '4',
  'ref' => 'const',
  'rows' => 1,
  'filtered' => 100.0,
  'extra' => NULL,
) ]
[ sql ] [ SQL ] SELECT `think_tags`.*,pivot.id AS pivot__id,pivot.tag_id AS pivot__tag_id,pivot.blog_id AS pivot__blog_id,pivot.create_time AS pivot__create_time,pivot.update_time AS pivot__update_time,pivot.delete_time AS pivot__delete_time FROM `think_tags` INNER JOIN `think_blogs_tags` `pivot` ON `pivot`.`tag_id`=`think_tags`.`id` WHERE  `pivot`.`blog_id` = 2 [ RunTime:0.000306s ]
[ sql ] [ EXPLAIN : array (
  'id' => 1,
  'select_type' => 'SIMPLE',
  'table' => 'pivot',
  'partitions' => NULL,
  'type' => 'ALL',
  'possible_keys' => NULL,
  'key' => NULL,
  'key_len' => NULL,
  'ref' => NULL,
  'rows' => 4,
  'filtered' => 25.0,
  'extra' => 'Using where',
) ]
[ sql ] [ SQL ] SELECT * FROM `think_users` WHERE  `id` = 3 LIMIT 1 [ RunTime:0.000225s ]
[ sql ] [ EXPLAIN : array (
  'id' => 1,
  'select_type' => 'SIMPLE',
  'table' => 'think_users',
  'partitions' => NULL,
  'type' => 'const',
  'possible_keys' => 'PRIMARY',
  'key' => 'PRIMARY',
  'key_len' => '4',
  'ref' => 'const',
  'rows' => 1,
  'filtered' => 100.0,
  'extra' => NULL,
) ]
[ sql ] [ SQL ] SELECT * FROM `think_imagecate` WHERE  `id` = 4 LIMIT 1 [ RunTime:0.000180s ]
[ sql ] [ EXPLAIN : array (
  'id' => 1,
  'select_type' => 'SIMPLE',
  'table' => 'think_imagecate',
  'partitions' => NULL,
  'type' => 'const',
  'possible_keys' => 'PRIMARY',
  'key' => 'PRIMARY',
  'key_len' => '4',
  'ref' => 'const',
  'rows' => 1,
  'filtered' => 100.0,
  'extra' => NULL,
) ]
[ sql ] [ SQL ] SELECT * FROM `think_image` WHERE  `id` = 1 LIMIT 1 [ RunTime:0.000169s ]
[ sql ] [ EXPLAIN : array (
  'id' => 1,
  'select_type' => 'SIMPLE',
  'table' => 'think_image',
  'partitions' => NULL,
  'type' => 'const',
  'possible_keys' => 'PRIMARY',
  'key' => 'PRIMARY',
  'key_len' => '4',
  'ref' => 'const',
  'rows' => 1,
  'filtered' => 100.0,
  'extra' => NULL,
) ]
[ sql ] [ SQL ] SELECT COUNT(*) AS tp_count FROM `think_comments` WHERE  `blog_id` = 2 LIMIT 1 [ RunTime:0.000158s ]
[ sql ] [ EXPLAIN : array (
  'id' => 1,
  'select_type' => 'SIMPLE',
  'table' => 'think_comments',
  'partitions' => NULL,
  'type' => 'ALL',
  'possible_keys' => NULL,
  'key' => NULL,
  'key_len' => NULL,
  'ref' => NULL,
  'rows' => 1,
  'filtered' => 100.0,
  'extra' => 'Using where',
) ]
[ sql ] [ SQL ] SELECT * FROM `think_imagecate` WHERE  `id` = 2 LIMIT 1 [ RunTime:0.000188s ]
[ sql ] [ EXPLAIN : array (
  'id' => 1,
  'select_type' => 'SIMPLE',
  'table' => 'think_imagecate',
  'partitions' => NULL,
  'type' => 'const',
  'possible_keys' => 'PRIMARY',
  'key' => 'PRIMARY',
  'key_len' => '4',
  'ref' => 'const',
  'rows' => 1,
  'filtered' => 100.0,
  'extra' => NULL,
) ]
[ sql ] [ SQL ] SELECT * FROM `think_image` WHERE  `id` = 5 LIMIT 1 [ RunTime:0.000183s ]
[ sql ] [ EXPLAIN : array (
  'id' => 1,
  'select_type' => 'SIMPLE',
  'table' => 'think_image',
  'partitions' => NULL,
  'type' => 'const',
  'possible_keys' => 'PRIMARY',
  'key' => 'PRIMARY',
  'key_len' => '4',
  'ref' => 'const',
  'rows' => 1,
  'filtered' => 100.0,
  'extra' => NULL,
) ]
[ sql ] [ SQL ] SELECT * FROM `think_blog` WHERE  `delete_time` IS NULL ORDER BY `read_count` DESC LIMIT 10 [ RunTime:0.000291s ]
[ sql ] [ EXPLAIN : array (
  'id' => 1,
  'select_type' => 'SIMPLE',
  'table' => 'think_blog',
  'partitions' => NULL,
  'type' => 'ALL',
  'possible_keys' => NULL,
  'key' => NULL,
  'key_len' => NULL,
  'ref' => NULL,
  'rows' => 3,
  'filtered' => 33.333335876464844,
  'extra' => 'Using where; Using filesort',
) ]
[ sql ] [ SQL ] SELECT * FROM `think_cate` WHERE  `id` = 1 LIMIT 1 [ RunTime:0.000184s ]
[ sql ] [ EXPLAIN : array (
  'id' => 1,
  'select_type' => 'SIMPLE',
  'table' => 'think_cate',
  'partitions' => NULL,
  'type' => 'const',
  'possible_keys' => 'PRIMARY',
  'key' => 'PRIMARY',
  'key_len' => '4',
  'ref' => 'const',
  'rows' => 1,
  'filtered' => 100.0,
  'extra' => NULL,
) ]
[ sql ] [ SQL ] SELECT * FROM `think_blog` WHERE  `id` = 2 LIMIT 1 [ RunTime:0.000230s ]
[ sql ] [ EXPLAIN : array (
  'id' => 1,
  'select_type' => 'SIMPLE',
  'table' => 'think_blog',
  'partitions' => NULL,
  'type' => 'const',
  'possible_keys' => 'PRIMARY',
  'key' => 'PRIMARY',
  'key_len' => '4',
  'ref' => 'const',
  'rows' => 1,
  'filtered' => 100.0,
  'extra' => NULL,
) ]
[ sql ] [ SQL ] SELECT * FROM `think_cate` WHERE  `id` = 1 LIMIT 1 [ RunTime:0.000202s ]
[ sql ] [ EXPLAIN : array (
  'id' => 1,
  'select_type' => 'SIMPLE',
  'table' => 'think_cate',
  'partitions' => NULL,
  'type' => 'const',
  'possible_keys' => 'PRIMARY',
  'key' => 'PRIMARY',
  'key_len' => '4',
  'ref' => 'const',
  'rows' => 1,
  'filtered' => 100.0,
  'extra' => NULL,
) ]
[ sql ] [ SQL ] SELECT * FROM `think_blog` WHERE  `id` = 2 LIMIT 1 [ RunTime:0.000192s ]
[ sql ] [ EXPLAIN : array (
  'id' => 1,
  'select_type' => 'SIMPLE',
  'table' => 'think_blog',
  'partitions' => NULL,
  'type' => 'const',
  'possible_keys' => 'PRIMARY',
  'key' => 'PRIMARY',
  'key_len' => '4',
  'ref' => 'const',
  'rows' => 1,
  'filtered' => 100.0,
  'extra' => NULL,
) ]
[ sql ] [ SQL ] SELECT `think_tags`.*,pivot.id AS pivot__id,pivot.tag_id AS pivot__tag_id,pivot.blog_id AS pivot__blog_id,pivot.create_time AS pivot__create_time,pivot.update_time AS pivot__update_time,pivot.delete_time AS pivot__delete_time FROM `think_tags` INNER JOIN `think_blogs_tags` `pivot` ON `pivot`.`tag_id`=`think_tags`.`id` WHERE  `pivot`.`blog_id` = 2 [ RunTime:0.000270s ]
[ sql ] [ EXPLAIN : array (
  'id' => 1,
  'select_type' => 'SIMPLE',
  'table' => 'pivot',
  'partitions' => NULL,
  'type' => 'ALL',
  'possible_keys' => NULL,
  'key' => NULL,
  'key_len' => NULL,
  'ref' => NULL,
  'rows' => 4,
  'filtered' => 25.0,
  'extra' => 'Using where',
) ]
[ sql ] [ SQL ] SELECT * FROM `think_users` WHERE  `id` = 3 LIMIT 1 [ RunTime:0.000184s ]
[ sql ] [ EXPLAIN : array (
  'id' => 1,
  'select_type' => 'SIMPLE',
  'table' => 'think_users',
  'partitions' => NULL,
  'type' => 'const',
  'possible_keys' => 'PRIMARY',
  'key' => 'PRIMARY',
  'key_len' => '4',
  'ref' => 'const',
  'rows' => 1,
  'filtered' => 100.0,
  'extra' => NULL,
) ]
[ sql ] [ SQL ] SELECT * FROM `think_imagecate` WHERE  `id` = 4 LIMIT 1 [ RunTime:0.000174s ]
[ sql ] [ EXPLAIN : array (
  'id' => 1,
  'select_type' => 'SIMPLE',
  'table' => 'think_imagecate',
  'partitions' => NULL,
  'type' => 'const',
  'possible_keys' => 'PRIMARY',
  'key' => 'PRIMARY',
  'key_len' => '4',
  'ref' => 'const',
  'rows' => 1,
  'filtered' => 100.0,
  'extra' => NULL,
) ]
[ sql ] [ SQL ] SELECT * FROM `think_image` WHERE  `id` = 1 LIMIT 1 [ RunTime:0.000175s ]
[ sql ] [ EXPLAIN : array (
  'id' => 1,
  'select_type' => 'SIMPLE',
  'table' => 'think_image',
  'partitions' => NULL,
  'type' => 'const',
  'possible_keys' => 'PRIMARY',
  'key' => 'PRIMARY',
  'key_len' => '4',
  'ref' => 'const',
  'rows' => 1,
  'filtered' => 100.0,
  'extra' => NULL,
) ]
[ sql ] [ SQL ] SELECT COUNT(*) AS tp_count FROM `think_comments` WHERE  `blog_id` = 2 LIMIT 1 [ RunTime:0.000159s ]
[ sql ] [ EXPLAIN : array (
  'id' => 1,
  'select_type' => 'SIMPLE',
  'table' => 'think_comments',
  'partitions' => NULL,
  'type' => 'ALL',
  'possible_keys' => NULL,
  'key' => NULL,
  'key_len' => NULL,
  'ref' => NULL,
  'rows' => 1,
  'filtered' => 100.0,
  'extra' => 'Using where',
) ]
[ sql ] [ SQL ] SELECT * FROM `think_imagecate` WHERE  `id` = 2 LIMIT 1 [ RunTime:0.000177s ]
[ sql ] [ EXPLAIN : array (
  'id' => 1,
  'select_type' => 'SIMPLE',
  'table' => 'think_imagecate',
  'partitions' => NULL,
  'type' => 'const',
  'possible_keys' => 'PRIMARY',
  'key' => 'PRIMARY',
  'key_len' => '4',
  'ref' => 'const',
  'rows' => 1,
  'filtered' => 100.0,
  'extra' => NULL,
) ]
[ sql ] [ SQL ] SELECT * FROM `think_image` WHERE  `id` = 5 LIMIT 1 [ RunTime:0.000175s ]
[ sql ] [ EXPLAIN : array (
  'id' => 1,
  'select_type' => 'SIMPLE',
  'table' => 'think_image',
  'partitions' => NULL,
  'type' => 'const',
  'possible_keys' => 'PRIMARY',
  'key' => 'PRIMARY',
  'key_len' => '4',
  'ref' => 'const',
  'rows' => 1,
  'filtered' => 100.0,
  'extra' => NULL,
) ]
[ sql ] [ SQL ] SELECT * FROM `think_cate` WHERE  `id` = 8 LIMIT 1 [ RunTime:0.000196s ]
[ sql ] [ EXPLAIN : array (
  'id' => 1,
  'select_type' => 'SIMPLE',
  'table' => 'think_cate',
  'partitions' => NULL,
  'type' => 'const',
  'possible_keys' => 'PRIMARY',
  'key' => 'PRIMARY',
  'key_len' => '4',
  'ref' => 'const',
  'rows' => 1,
  'filtered' => 100.0,
  'extra' => NULL,
) ]
[ sql ] [ SQL ] SELECT * FROM `think_blog` WHERE  `id` = 3 LIMIT 1 [ RunTime:0.000276s ]
[ sql ] [ EXPLAIN : array (
  'id' => 1,
  'select_type' => 'SIMPLE',
  'table' => 'think_blog',
  'partitions' => NULL,
  'type' => 'const',
  'possible_keys' => 'PRIMARY',
  'key' => 'PRIMARY',
  'key_len' => '4',
  'ref' => 'const',
  'rows' => 1,
  'filtered' => 100.0,
  'extra' => NULL,
) ]
[ sql ] [ SQL ] SELECT * FROM `think_cate` WHERE  `id` = 8 LIMIT 1 [ RunTime:0.000177s ]
[ sql ] [ EXPLAIN : array (
  'id' => 1,
  'select_type' => 'SIMPLE',
  'table' => 'think_cate',
  'partitions' => NULL,
  'type' => 'const',
  'possible_keys' => 'PRIMARY',
  'key' => 'PRIMARY',
  'key_len' => '4',
  'ref' => 'const',
  'rows' => 1,
  'filtered' => 100.0,
  'extra' => NULL,
) ]
[ sql ] [ SQL ] SELECT * FROM `think_blog` WHERE  `id` = 3 LIMIT 1 [ RunTime:0.000244s ]
[ sql ] [ EXPLAIN : array (
  'id' => 1,
  'select_type' => 'SIMPLE',
  'table' => 'think_blog',
  'partitions' => NULL,
  'type' => 'const',
  'possible_keys' => 'PRIMARY',
  'key' => 'PRIMARY',
  'key_len' => '4',
  'ref' => 'const',
  'rows' => 1,
  'filtered' => 100.0,
  'extra' => NULL,
) ]
[ sql ] [ SQL ] SELECT `think_tags`.*,pivot.id AS pivot__id,pivot.tag_id AS pivot__tag_id,pivot.blog_id AS pivot__blog_id,pivot.create_time AS pivot__create_time,pivot.update_time AS pivot__update_time,pivot.delete_time AS pivot__delete_time FROM `think_tags` INNER JOIN `think_blogs_tags` `pivot` ON `pivot`.`tag_id`=`think_tags`.`id` WHERE  `pivot`.`blog_id` = 3 [ RunTime:0.000243s ]
[ sql ] [ EXPLAIN : array (
  'id' => 1,
  'select_type' => 'SIMPLE',
  'table' => 'pivot',
  'partitions' => NULL,
  'type' => 'ALL',
  'possible_keys' => NULL,
  'key' => NULL,
  'key_len' => NULL,
  'ref' => NULL,
  'rows' => 4,
  'filtered' => 25.0,
  'extra' => 'Using where',
) ]
[ sql ] [ SQL ] SELECT * FROM `think_users` WHERE  `id` = 1 LIMIT 1 [ RunTime:0.000187s ]
[ sql ] [ EXPLAIN : array (
  'id' => 1,
  'select_type' => 'SIMPLE',
  'table' => 'think_users',
  'partitions' => NULL,
  'type' => 'const',
  'possible_keys' => 'PRIMARY',
  'key' => 'PRIMARY',
  'key_len' => '4',
  'ref' => 'const',
  'rows' => 1,
  'filtered' => 100.0,
  'extra' => NULL,
) ]
[ sql ] [ SQL ] SELECT * FROM `think_imagecate` WHERE  `id` = 4 LIMIT 1 [ RunTime:0.000171s ]
[ sql ] [ EXPLAIN : array (
  'id' => 1,
  'select_type' => 'SIMPLE',
  'table' => 'think_imagecate',
  'partitions' => NULL,
  'type' => 'const',
  'possible_keys' => 'PRIMARY',
  'key' => 'PRIMARY',
  'key_len' => '4',
  'ref' => 'const',
  'rows' => 1,
  'filtered' => 100.0,
  'extra' => NULL,
) ]
[ sql ] [ SQL ] SELECT * FROM `think_image` WHERE  `id` = 1 LIMIT 1 [ RunTime:0.000184s ]
[ sql ] [ EXPLAIN : array (
  'id' => 1,
  'select_type' => 'SIMPLE',
  'table' => 'think_image',
  'partitions' => NULL,
  'type' => 'const',
  'possible_keys' => 'PRIMARY',
  'key' => 'PRIMARY',
  'key_len' => '4',
  'ref' => 'const',
  'rows' => 1,
  'filtered' => 100.0,
  'extra' => NULL,
) ]
[ sql ] [ SQL ] SELECT COUNT(*) AS tp_count FROM `think_comments` WHERE  `blog_id` = 3 LIMIT 1 [ RunTime:0.000157s ]
[ sql ] [ EXPLAIN : array (
  'id' => 1,
  'select_type' => 'SIMPLE',
  'table' => 'think_comments',
  'partitions' => NULL,
  'type' => 'ALL',
  'possible_keys' => NULL,
  'key' => NULL,
  'key_len' => NULL,
  'ref' => NULL,
  'rows' => 1,
  'filtered' => 100.0,
  'extra' => 'Using where',
) ]
[ sql ] [ SQL ] SELECT * FROM `think_imagecate` WHERE  `id` = 2 LIMIT 1 [ RunTime:0.000169s ]
[ sql ] [ EXPLAIN : array (
  'id' => 1,
  'select_type' => 'SIMPLE',
  'table' => 'think_imagecate',
  'partitions' => NULL,
  'type' => 'const',
  'possible_keys' => 'PRIMARY',
  'key' => 'PRIMARY',
  'key_len' => '4',
  'ref' => 'const',
  'rows' => 1,
  'filtered' => 100.0,
  'extra' => NULL,
) ]
[ sql ] [ SQL ] SELECT `unique_tag` FROM `think_blog` WHERE  `delete_time` IS NULL [ RunTime:0.000149s ]
[ sql ] [ EXPLAIN : array (
  'id' => 1,
  'select_type' => 'SIMPLE',
  'table' => 'think_blog',
  'partitions' => NULL,
  'type' => 'ALL',
  'possible_keys' => NULL,
  'key' => NULL,
  'key_len' => NULL,
  'ref' => NULL,
  'rows' => 3,
  'filtered' => 33.333335876464844,
  'extra' => 'Using where',
) ]
[ sql ] [ SQL ] SHOW COLUMNS FROM `think_links` [ RunTime:0.000850s ]
[ sql ] [ SQL ] SELECT `link_title`,`link` FROM `think_links` WHERE  `link_cate_id` = 3 [ RunTime:0.000286s ]
[ sql ] [ EXPLAIN : array (
  'id' => 1,
  'select_type' => 'SIMPLE',
  'table' => 'think_links',
  'partitions' => NULL,
  'type' => 'ALL',
  'possible_keys' => NULL,
  'key' => NULL,
  'key_len' => NULL,
  'ref' => NULL,
  'rows' => 31,
  'filtered' => 10.0,
  'extra' => 'Using where',
) ]
[ sql ] [ SQL ] SELECT * FROM `think_users` WHERE  `id` = 1 LIMIT 1 [ RunTime:0.000216s ]
[ sql ] [ EXPLAIN : array (
  'id' => 1,
  'select_type' => 'SIMPLE',
  'table' => 'think_users',
  'partitions' => NULL,
  'type' => 'const',
  'possible_keys' => 'PRIMARY',
  'key' => 'PRIMARY',
  'key_len' => '4',
  'ref' => 'const',
  'rows' => 1,
  'filtered' => 100.0,
  'extra' => NULL,
) ]
[ sql ] [ SQL ] SELECT * FROM `think_image` WHERE  `id` = 1 LIMIT 1 [ RunTime:0.000186s ]
[ sql ] [ EXPLAIN : array (
  'id' => 1,
  'select_type' => 'SIMPLE',
  'table' => 'think_image',
  'partitions' => NULL,
  'type' => 'const',
  'possible_keys' => 'PRIMARY',
  'key' => 'PRIMARY',
  'key_len' => '4',
  'ref' => 'const',
  'rows' => 1,
  'filtered' => 100.0,
  'extra' => NULL,
) ]
[ sql ] [ SQL ] SELECT * FROM `think_imagecate` WHERE  `id` = 4 LIMIT 1 [ RunTime:0.000197s ]
[ sql ] [ EXPLAIN : array (
  'id' => 1,
  'select_type' => 'SIMPLE',
  'table' => 'think_imagecate',
  'partitions' => NULL,
  'type' => 'const',
  'possible_keys' => 'PRIMARY',
  'key' => 'PRIMARY',
  'key_len' => '4',
  'ref' => 'const',
  'rows' => 1,
  'filtered' => 100.0,
  'extra' => NULL,
) ]
[ warn ] SQL:SELECT * FROM `think_blog` WHERE  `delete_time` IS NULL ORDER BY `update_time` DESC LIMIT 10 [Using where; Using filesort]
[ warn ] SQL:SELECT * FROM `think_blog` WHERE  `delete_time` IS NULL ORDER BY `read_count` DESC LIMIT 10 [Using where; Using filesort]
---------------------------------------------------------------
[ 2019-05-11T23:58:37+08:00 ] 127.0.0.1 GET localhost/uploads/master/b8377318aac8cc34b2d1a03ccc032b22.jpg
[运行时间：0.387233s] [吞吐率：2.58req/s] [内存消耗：1,590.88kb] [文件加载：38]
[ info ] [ LANG ] D:\server\nginx\html\phpapp\thinkphp\lang\zh-cn.php
[ info ] [ ROUTE ] array (
  'type' => 'module',
  'module' => 
  array (
    0 => 'uploads',
    1 => 'master',
    2 => 'b8377318aac8cc34b2d1a03ccc032b22.jpg',
  ),
)
[ info ] [ HEADER ] array (
  'cookie' => 'PHPSESSID=ecjbdpm9v6ec9h7gc85al5e9vu; thinkphp_show_page_trace=0|0; msgData=%3Cp%3E%3Ci%3E%20%20%E6%80%BB%E6%9C%89%E4%BA%9B%E6%83%8A%E5%A5%87%E7%9A%84%E9%99%85%E9%81%87%3Cbr%3E%E6%AF%94%E6%96%B9%E8%AF%B4%E5%BD%93%E6%88%91%E9%81%87%E8%A7%81%E4%BD%A0%EF%BC%81%3C%2Fi%3E%3C%2Fp%3E',
  'accept-language' => 'zh-CN,zh;q=0.9',
  'accept-encoding' => 'gzip, deflate, br',
  'referer' => 'http://localhost/',
  'accept' => 'image/webp,image/apng,image/*,*/*;q=0.8',
  'user-agent' => 'Mozilla/5.0 (Windows NT 6.3; Win64; x64) AppleWebKit/537.36 (KHTML, like Gecko) Chrome/72.0.3626.121 Safari/537.36',
  'connection' => 'keep-alive',
  'host' => 'localhost',
  'content-length' => '',
  'content-type' => '',
)
[ info ] [ PARAM ] array (
)
[ info ] [ LOG ] INIT File
---------------------------------------------------------------
[ 2019-05-11T23:58:59+08:00 ] 127.0.0.1 GET localhost/
[运行时间：0.104482s] [吞吐率：9.57req/s] [内存消耗：4,066.13kb] [文件加载：67]
[ info ] [ LANG ] D:\server\nginx\html\phpapp\thinkphp\lang\zh-cn.php
[ info ] [ ROUTE ] array (
  'type' => 'module',
  'module' => 
  array (
    0 => '',
    1 => NULL,
    2 => NULL,
  ),
)
[ info ] [ HEADER ] array (
  'cookie' => 'PHPSESSID=ecjbdpm9v6ec9h7gc85al5e9vu; thinkphp_show_page_trace=0|0; msgData=%3Cp%3E%3Ci%3E%20%20%E6%80%BB%E6%9C%89%E4%BA%9B%E6%83%8A%E5%A5%87%E7%9A%84%E9%99%85%E9%81%87%3Cbr%3E%E6%AF%94%E6%96%B9%E8%AF%B4%E5%BD%93%E6%88%91%E9%81%87%E8%A7%81%E4%BD%A0%EF%BC%81%3C%2Fi%3E%3C%2Fp%3E',
  'accept-language' => 'zh-CN,zh;q=0.9',
  'accept-encoding' => 'gzip, deflate, br',
  'referer' => 'http://localhost/user?id=1',
  'accept' => 'text/html,application/xhtml+xml,application/xml;q=0.9,image/webp,image/apng,*/*;q=0.8',
  'user-agent' => 'Mozilla/5.0 (Windows NT 6.3; Win64; x64) AppleWebKit/537.36 (KHTML, like Gecko) Chrome/72.0.3626.121 Safari/537.36',
  'upgrade-insecure-requests' => '1',
  'cache-control' => 'max-age=0',
  'connection' => 'keep-alive',
  'host' => 'localhost',
  'content-length' => '',
  'content-type' => '',
)
[ info ] [ PARAM ] array (
)
[ info ] [ DB ] INIT mysql
[ info ] [ SESSION ] INIT array (
  'id' => '',
  'var_session_id' => '',
  'prefix' => 'think',
  'type' => '',
  'auto_start' => true,
)
[ info ] [ RUN ] app\blog\controller\Index->index[ D:\server\nginx\html\phpapp\application\blog\controller\Index.php ]
[ info ] [ VIEW ] D:\server\nginx\html/phpapp/application/blog\view\blog\blog.html [ array (
  0 => 'nickname',
  1 => 'username',
  2 => 'nav',
  3 => 'webdata',
  4 => 'cates',
  5 => 'bannerImagesData',
  6 => 'lastUpdateData',
  7 => 'blogRankData',
  8 => 'tagData',
  9 => 'linkData',
  10 => 'userImageUrlData',
  11 => 'checkInData',
  12 => 'btnTextData',
) ]
[ info ] [ LOG ] INIT File
[ sql ] [ DB ] CONNECT:[ UseTime:0.001055s ] mysql:host=127.0.0.1;port=3306;dbname=tp;charset=utf8
[ sql ] [ SQL ] SHOW COLUMNS FROM `think_web` [ RunTime:0.000824s ]
[ sql ] [ SQL ] SELECT * FROM `think_web` WHERE  `id` = 1 LIMIT 1 [ RunTime:0.000439s ]
[ sql ] [ EXPLAIN : array (
  'id' => 1,
  'select_type' => 'SIMPLE',
  'table' => 'think_web',
  'partitions' => NULL,
  'type' => 'system',
  'possible_keys' => 'PRIMARY',
  'key' => NULL,
  'key_len' => NULL,
  'ref' => NULL,
  'rows' => 1,
  'filtered' => 100.0,
  'extra' => NULL,
) ]
[ sql ] [ SQL ] SHOW COLUMNS FROM `think_cate` [ RunTime:0.000735s ]
[ sql ] [ SQL ] SELECT * FROM `think_cate` WHERE  `pid` = 0 [ RunTime:0.000410s ]
[ sql ] [ EXPLAIN : array (
  'id' => 1,
  'select_type' => 'SIMPLE',
  'table' => 'think_cate',
  'partitions' => NULL,
  'type' => 'ALL',
  'possible_keys' => NULL,
  'key' => NULL,
  'key_len' => NULL,
  'ref' => NULL,
  'rows' => 10,
  'filtered' => 10.0,
  'extra' => 'Using where',
) ]
[ sql ] [ SQL ] SELECT * FROM `think_cate` WHERE  `pid` = 1 [ RunTime:0.000335s ]
[ sql ] [ EXPLAIN : array (
  'id' => 1,
  'select_type' => 'SIMPLE',
  'table' => 'think_cate',
  'partitions' => NULL,
  'type' => 'ALL',
  'possible_keys' => NULL,
  'key' => NULL,
  'key_len' => NULL,
  'ref' => NULL,
  'rows' => 10,
  'filtered' => 10.0,
  'extra' => 'Using where',
) ]
[ sql ] [ SQL ] SELECT * FROM `think_cate` WHERE  `pid` = 2 [ RunTime:0.000324s ]
[ sql ] [ EXPLAIN : array (
  'id' => 1,
  'select_type' => 'SIMPLE',
  'table' => 'think_cate',
  'partitions' => NULL,
  'type' => 'ALL',
  'possible_keys' => NULL,
  'key' => NULL,
  'key_len' => NULL,
  'ref' => NULL,
  'rows' => 10,
  'filtered' => 10.0,
  'extra' => 'Using where',
) ]
[ sql ] [ SQL ] SELECT * FROM `think_cate` WHERE  `pid` = 3 [ RunTime:0.000331s ]
[ sql ] [ EXPLAIN : array (
  'id' => 1,
  'select_type' => 'SIMPLE',
  'table' => 'think_cate',
  'partitions' => NULL,
  'type' => 'ALL',
  'possible_keys' => NULL,
  'key' => NULL,
  'key_len' => NULL,
  'ref' => NULL,
  'rows' => 10,
  'filtered' => 10.0,
  'extra' => 'Using where',
) ]
[ sql ] [ SQL ] SELECT * FROM `think_cate` WHERE  `pid` = 4 [ RunTime:0.000326s ]
[ sql ] [ EXPLAIN : array (
  'id' => 1,
  'select_type' => 'SIMPLE',
  'table' => 'think_cate',
  'partitions' => NULL,
  'type' => 'ALL',
  'possible_keys' => NULL,
  'key' => NULL,
  'key_len' => NULL,
  'ref' => NULL,
  'rows' => 10,
  'filtered' => 10.0,
  'extra' => 'Using where',
) ]
[ sql ] [ SQL ] SELECT * FROM `think_cate` WHERE  `pid` = 5 [ RunTime:0.000287s ]
[ sql ] [ EXPLAIN : array (
  'id' => 1,
  'select_type' => 'SIMPLE',
  'table' => 'think_cate',
  'partitions' => NULL,
  'type' => 'ALL',
  'possible_keys' => NULL,
  'key' => NULL,
  'key_len' => NULL,
  'ref' => NULL,
  'rows' => 10,
  'filtered' => 10.0,
  'extra' => 'Using where',
) ]
[ sql ] [ SQL ] SELECT * FROM `think_cate` WHERE  `pid` = 6 [ RunTime:0.000284s ]
[ sql ] [ EXPLAIN : array (
  'id' => 1,
  'select_type' => 'SIMPLE',
  'table' => 'think_cate',
  'partitions' => NULL,
  'type' => 'ALL',
  'possible_keys' => NULL,
  'key' => NULL,
  'key_len' => NULL,
  'ref' => NULL,
  'rows' => 10,
  'filtered' => 10.0,
  'extra' => 'Using where',
) ]
[ sql ] [ SQL ] SELECT * FROM `think_cate` WHERE  `pid` = 7 [ RunTime:0.000284s ]
[ sql ] [ EXPLAIN : array (
  'id' => 1,
  'select_type' => 'SIMPLE',
  'table' => 'think_cate',
  'partitions' => NULL,
  'type' => 'ALL',
  'possible_keys' => NULL,
  'key' => NULL,
  'key_len' => NULL,
  'ref' => NULL,
  'rows' => 10,
  'filtered' => 10.0,
  'extra' => 'Using where',
) ]
[ sql ] [ SQL ] SELECT * FROM `think_cate` WHERE  `pid` = 8 [ RunTime:0.000276s ]
[ sql ] [ EXPLAIN : array (
  'id' => 1,
  'select_type' => 'SIMPLE',
  'table' => 'think_cate',
  'partitions' => NULL,
  'type' => 'ALL',
  'possible_keys' => NULL,
  'key' => NULL,
  'key_len' => NULL,
  'ref' => NULL,
  'rows' => 10,
  'filtered' => 10.0,
  'extra' => 'Using where',
) ]
[ sql ] [ SQL ] SELECT * FROM `think_cate` WHERE  `pid` = 9 [ RunTime:0.000275s ]
[ sql ] [ EXPLAIN : array (
  'id' => 1,
  'select_type' => 'SIMPLE',
  'table' => 'think_cate',
  'partitions' => NULL,
  'type' => 'ALL',
  'possible_keys' => NULL,
  'key' => NULL,
  'key_len' => NULL,
  'ref' => NULL,
  'rows' => 10,
  'filtered' => 10.0,
  'extra' => 'Using where',
) ]
[ sql ] [ SQL ] SELECT * FROM `think_cate` WHERE  `pid` = 10 [ RunTime:0.000283s ]
[ sql ] [ EXPLAIN : array (
  'id' => 1,
  'select_type' => 'SIMPLE',
  'table' => 'think_cate',
  'partitions' => NULL,
  'type' => 'ALL',
  'possible_keys' => NULL,
  'key' => NULL,
  'key_len' => NULL,
  'ref' => NULL,
  'rows' => 10,
  'filtered' => 10.0,
  'extra' => 'Using where',
) ]
[ sql ] [ SQL ] SELECT * FROM `think_web` WHERE  `id` = 1 LIMIT 1 [ RunTime:0.000450s ]
[ sql ] [ EXPLAIN : array (
  'id' => 1,
  'select_type' => 'SIMPLE',
  'table' => 'think_web',
  'partitions' => NULL,
  'type' => 'system',
  'possible_keys' => 'PRIMARY',
  'key' => NULL,
  'key_len' => NULL,
  'ref' => NULL,
  'rows' => 1,
  'filtered' => 100.0,
  'extra' => NULL,
) ]
[ sql ] [ SQL ] SELECT * FROM `think_cate` WHERE  `delete_time` IS NULL [ RunTime:0.000316s ]
[ sql ] [ EXPLAIN : array (
  'id' => 1,
  'select_type' => 'SIMPLE',
  'table' => 'think_cate',
  'partitions' => NULL,
  'type' => 'ALL',
  'possible_keys' => NULL,
  'key' => NULL,
  'key_len' => NULL,
  'ref' => NULL,
  'rows' => 10,
  'filtered' => 10.0,
  'extra' => 'Using where',
) ]
[ sql ] [ SQL ] SHOW COLUMNS FROM `think_image` [ RunTime:0.000793s ]
[ sql ] [ SQL ] SELECT `address`,`ext` FROM `think_image` WHERE  `imagecate_id` = '1' [ RunTime:0.000305s ]
[ sql ] [ EXPLAIN : array (
  'id' => 1,
  'select_type' => 'SIMPLE',
  'table' => 'think_image',
  'partitions' => NULL,
  'type' => 'ALL',
  'possible_keys' => NULL,
  'key' => NULL,
  'key_len' => NULL,
  'ref' => NULL,
  'rows' => 6,
  'filtered' => 16.666667938232422,
  'extra' => 'Using where',
) ]
[ sql ] [ SQL ] SHOW COLUMNS FROM `think_blog` [ RunTime:0.000697s ]
[ sql ] [ SQL ] SELECT * FROM `think_blog` WHERE  `delete_time` IS NULL ORDER BY `update_time` DESC LIMIT 10 [ RunTime:0.000464s ]
[ sql ] [ EXPLAIN : array (
  'id' => 1,
  'select_type' => 'SIMPLE',
  'table' => 'think_blog',
  'partitions' => NULL,
  'type' => 'ALL',
  'possible_keys' => NULL,
  'key' => NULL,
  'key_len' => NULL,
  'ref' => NULL,
  'rows' => 3,
  'filtered' => 33.333335876464844,
  'extra' => 'Using where; Using filesort',
) ]
[ sql ] [ SQL ] SELECT * FROM `think_cate` WHERE  `id` = 8 LIMIT 1 [ RunTime:0.000386s ]
[ sql ] [ EXPLAIN : array (
  'id' => 1,
  'select_type' => 'SIMPLE',
  'table' => 'think_cate',
  'partitions' => NULL,
  'type' => 'const',
  'possible_keys' => 'PRIMARY',
  'key' => 'PRIMARY',
  'key_len' => '4',
  'ref' => 'const',
  'rows' => 1,
  'filtered' => 100.0,
  'extra' => NULL,
) ]
[ sql ] [ SQL ] SELECT * FROM `think_blog` WHERE  `id` = 3 LIMIT 1 [ RunTime:0.000423s ]
[ sql ] [ EXPLAIN : array (
  'id' => 1,
  'select_type' => 'SIMPLE',
  'table' => 'think_blog',
  'partitions' => NULL,
  'type' => 'const',
  'possible_keys' => 'PRIMARY',
  'key' => 'PRIMARY',
  'key_len' => '4',
  'ref' => 'const',
  'rows' => 1,
  'filtered' => 100.0,
  'extra' => NULL,
) ]
[ sql ] [ SQL ] SELECT * FROM `think_cate` WHERE  `id` = 8 LIMIT 1 [ RunTime:0.000337s ]
[ sql ] [ EXPLAIN : array (
  'id' => 1,
  'select_type' => 'SIMPLE',
  'table' => 'think_cate',
  'partitions' => NULL,
  'type' => 'const',
  'possible_keys' => 'PRIMARY',
  'key' => 'PRIMARY',
  'key_len' => '4',
  'ref' => 'const',
  'rows' => 1,
  'filtered' => 100.0,
  'extra' => NULL,
) ]
[ sql ] [ SQL ] SELECT * FROM `think_blog` WHERE  `id` = 3 LIMIT 1 [ RunTime:0.000330s ]
[ sql ] [ EXPLAIN : array (
  'id' => 1,
  'select_type' => 'SIMPLE',
  'table' => 'think_blog',
  'partitions' => NULL,
  'type' => 'const',
  'possible_keys' => 'PRIMARY',
  'key' => 'PRIMARY',
  'key_len' => '4',
  'ref' => 'const',
  'rows' => 1,
  'filtered' => 100.0,
  'extra' => NULL,
) ]
[ sql ] [ SQL ] SHOW COLUMNS FROM `think_blogs_tags` [ RunTime:0.000610s ]
[ sql ] [ SQL ] SHOW COLUMNS FROM `think_tags` [ RunTime:0.000480s ]
[ sql ] [ SQL ] SELECT `think_tags`.*,pivot.id AS pivot__id,pivot.tag_id AS pivot__tag_id,pivot.blog_id AS pivot__blog_id,pivot.create_time AS pivot__create_time,pivot.update_time AS pivot__update_time,pivot.delete_time AS pivot__delete_time FROM `think_tags` INNER JOIN `think_blogs_tags` `pivot` ON `pivot`.`tag_id`=`think_tags`.`id` WHERE  `pivot`.`blog_id` = 3 [ RunTime:0.000332s ]
[ sql ] [ EXPLAIN : array (
  'id' => 1,
  'select_type' => 'SIMPLE',
  'table' => 'pivot',
  'partitions' => NULL,
  'type' => 'ALL',
  'possible_keys' => NULL,
  'key' => NULL,
  'key_len' => NULL,
  'ref' => NULL,
  'rows' => 4,
  'filtered' => 25.0,
  'extra' => 'Using where',
) ]
[ sql ] [ SQL ] SHOW COLUMNS FROM `think_users` [ RunTime:0.000545s ]
[ sql ] [ SQL ] SELECT * FROM `think_users` WHERE  `id` = 1 LIMIT 1 [ RunTime:0.000300s ]
[ sql ] [ EXPLAIN : array (
  'id' => 1,
  'select_type' => 'SIMPLE',
  'table' => 'think_users',
  'partitions' => NULL,
  'type' => 'const',
  'possible_keys' => 'PRIMARY',
  'key' => 'PRIMARY',
  'key_len' => '4',
  'ref' => 'const',
  'rows' => 1,
  'filtered' => 100.0,
  'extra' => NULL,
) ]
[ sql ] [ SQL ] SHOW COLUMNS FROM `think_imagecate` [ RunTime:0.000739s ]
[ sql ] [ SQL ] SELECT * FROM `think_imagecate` WHERE  `id` = 4 LIMIT 1 [ RunTime:0.000363s ]
[ sql ] [ EXPLAIN : array (
  'id' => 1,
  'select_type' => 'SIMPLE',
  'table' => 'think_imagecate',
  'partitions' => NULL,
  'type' => 'const',
  'possible_keys' => 'PRIMARY',
  'key' => 'PRIMARY',
  'key_len' => '4',
  'ref' => 'const',
  'rows' => 1,
  'filtered' => 100.0,
  'extra' => NULL,
) ]
[ sql ] [ SQL ] SELECT * FROM `think_image` WHERE  `id` = 1 LIMIT 1 [ RunTime:0.000300s ]
[ sql ] [ EXPLAIN : array (
  'id' => 1,
  'select_type' => 'SIMPLE',
  'table' => 'think_image',
  'partitions' => NULL,
  'type' => 'const',
  'possible_keys' => 'PRIMARY',
  'key' => 'PRIMARY',
  'key_len' => '4',
  'ref' => 'const',
  'rows' => 1,
  'filtered' => 100.0,
  'extra' => NULL,
) ]
[ sql ] [ SQL ] SHOW COLUMNS FROM `think_comments` [ RunTime:0.000653s ]
[ sql ] [ SQL ] SELECT COUNT(*) AS tp_count FROM `think_comments` WHERE  `blog_id` = 3 LIMIT 1 [ RunTime:0.000261s ]
[ sql ] [ EXPLAIN : array (
  'id' => 1,
  'select_type' => 'SIMPLE',
  'table' => 'think_comments',
  'partitions' => NULL,
  'type' => 'ALL',
  'possible_keys' => NULL,
  'key' => NULL,
  'key_len' => NULL,
  'ref' => NULL,
  'rows' => 1,
  'filtered' => 100.0,
  'extra' => 'Using where',
) ]
[ sql ] [ SQL ] SELECT * FROM `think_imagecate` WHERE  `id` = 2 LIMIT 1 [ RunTime:0.000273s ]
[ sql ] [ EXPLAIN : array (
  'id' => 1,
  'select_type' => 'SIMPLE',
  'table' => 'think_imagecate',
  'partitions' => NULL,
  'type' => 'const',
  'possible_keys' => 'PRIMARY',
  'key' => 'PRIMARY',
  'key_len' => '4',
  'ref' => 'const',
  'rows' => 1,
  'filtered' => 100.0,
  'extra' => NULL,
) ]
[ sql ] [ SQL ] SELECT * FROM `think_cate` WHERE  `id` = 1 LIMIT 1 [ RunTime:0.000287s ]
[ sql ] [ EXPLAIN : array (
  'id' => 1,
  'select_type' => 'SIMPLE',
  'table' => 'think_cate',
  'partitions' => NULL,
  'type' => 'const',
  'possible_keys' => 'PRIMARY',
  'key' => 'PRIMARY',
  'key_len' => '4',
  'ref' => 'const',
  'rows' => 1,
  'filtered' => 100.0,
  'extra' => NULL,
) ]
[ sql ] [ SQL ] SELECT * FROM `think_blog` WHERE  `id` = 2 LIMIT 1 [ RunTime:0.000267s ]
[ sql ] [ EXPLAIN : array (
  'id' => 1,
  'select_type' => 'SIMPLE',
  'table' => 'think_blog',
  'partitions' => NULL,
  'type' => 'const',
  'possible_keys' => 'PRIMARY',
  'key' => 'PRIMARY',
  'key_len' => '4',
  'ref' => 'const',
  'rows' => 1,
  'filtered' => 100.0,
  'extra' => NULL,
) ]
[ sql ] [ SQL ] SELECT * FROM `think_cate` WHERE  `id` = 1 LIMIT 1 [ RunTime:0.000258s ]
[ sql ] [ EXPLAIN : array (
  'id' => 1,
  'select_type' => 'SIMPLE',
  'table' => 'think_cate',
  'partitions' => NULL,
  'type' => 'const',
  'possible_keys' => 'PRIMARY',
  'key' => 'PRIMARY',
  'key_len' => '4',
  'ref' => 'const',
  'rows' => 1,
  'filtered' => 100.0,
  'extra' => NULL,
) ]
[ sql ] [ SQL ] SELECT * FROM `think_blog` WHERE  `id` = 2 LIMIT 1 [ RunTime:0.000266s ]
[ sql ] [ EXPLAIN : array (
  'id' => 1,
  'select_type' => 'SIMPLE',
  'table' => 'think_blog',
  'partitions' => NULL,
  'type' => 'const',
  'possible_keys' => 'PRIMARY',
  'key' => 'PRIMARY',
  'key_len' => '4',
  'ref' => 'const',
  'rows' => 1,
  'filtered' => 100.0,
  'extra' => NULL,
) ]
[ sql ] [ SQL ] SELECT `think_tags`.*,pivot.id AS pivot__id,pivot.tag_id AS pivot__tag_id,pivot.blog_id AS pivot__blog_id,pivot.create_time AS pivot__create_time,pivot.update_time AS pivot__update_time,pivot.delete_time AS pivot__delete_time FROM `think_tags` INNER JOIN `think_blogs_tags` `pivot` ON `pivot`.`tag_id`=`think_tags`.`id` WHERE  `pivot`.`blog_id` = 2 [ RunTime:0.000307s ]
[ sql ] [ EXPLAIN : array (
  'id' => 1,
  'select_type' => 'SIMPLE',
  'table' => 'pivot',
  'partitions' => NULL,
  'type' => 'ALL',
  'possible_keys' => NULL,
  'key' => NULL,
  'key_len' => NULL,
  'ref' => NULL,
  'rows' => 4,
  'filtered' => 25.0,
  'extra' => 'Using where',
) ]
[ sql ] [ SQL ] SELECT * FROM `think_users` WHERE  `id` = 3 LIMIT 1 [ RunTime:0.000232s ]
[ sql ] [ EXPLAIN : array (
  'id' => 1,
  'select_type' => 'SIMPLE',
  'table' => 'think_users',
  'partitions' => NULL,
  'type' => 'const',
  'possible_keys' => 'PRIMARY',
  'key' => 'PRIMARY',
  'key_len' => '4',
  'ref' => 'const',
  'rows' => 1,
  'filtered' => 100.0,
  'extra' => NULL,
) ]
[ sql ] [ SQL ] SELECT * FROM `think_imagecate` WHERE  `id` = 4 LIMIT 1 [ RunTime:0.000214s ]
[ sql ] [ EXPLAIN : array (
  'id' => 1,
  'select_type' => 'SIMPLE',
  'table' => 'think_imagecate',
  'partitions' => NULL,
  'type' => 'const',
  'possible_keys' => 'PRIMARY',
  'key' => 'PRIMARY',
  'key_len' => '4',
  'ref' => 'const',
  'rows' => 1,
  'filtered' => 100.0,
  'extra' => NULL,
) ]
[ sql ] [ SQL ] SELECT * FROM `think_image` WHERE  `id` = 1 LIMIT 1 [ RunTime:0.000216s ]
[ sql ] [ EXPLAIN : array (
  'id' => 1,
  'select_type' => 'SIMPLE',
  'table' => 'think_image',
  'partitions' => NULL,
  'type' => 'const',
  'possible_keys' => 'PRIMARY',
  'key' => 'PRIMARY',
  'key_len' => '4',
  'ref' => 'const',
  'rows' => 1,
  'filtered' => 100.0,
  'extra' => NULL,
) ]
[ sql ] [ SQL ] SELECT COUNT(*) AS tp_count FROM `think_comments` WHERE  `blog_id` = 2 LIMIT 1 [ RunTime:0.000212s ]
[ sql ] [ EXPLAIN : array (
  'id' => 1,
  'select_type' => 'SIMPLE',
  'table' => 'think_comments',
  'partitions' => NULL,
  'type' => 'ALL',
  'possible_keys' => NULL,
  'key' => NULL,
  'key_len' => NULL,
  'ref' => NULL,
  'rows' => 1,
  'filtered' => 100.0,
  'extra' => 'Using where',
) ]
[ sql ] [ SQL ] SELECT * FROM `think_imagecate` WHERE  `id` = 2 LIMIT 1 [ RunTime:0.000182s ]
[ sql ] [ EXPLAIN : array (
  'id' => 1,
  'select_type' => 'SIMPLE',
  'table' => 'think_imagecate',
  'partitions' => NULL,
  'type' => 'const',
  'possible_keys' => 'PRIMARY',
  'key' => 'PRIMARY',
  'key_len' => '4',
  'ref' => 'const',
  'rows' => 1,
  'filtered' => 100.0,
  'extra' => NULL,
) ]
[ sql ] [ SQL ] SELECT * FROM `think_image` WHERE  `id` = 5 LIMIT 1 [ RunTime:0.000179s ]
[ sql ] [ EXPLAIN : array (
  'id' => 1,
  'select_type' => 'SIMPLE',
  'table' => 'think_image',
  'partitions' => NULL,
  'type' => 'const',
  'possible_keys' => 'PRIMARY',
  'key' => 'PRIMARY',
  'key_len' => '4',
  'ref' => 'const',
  'rows' => 1,
  'filtered' => 100.0,
  'extra' => NULL,
) ]
[ sql ] [ SQL ] SELECT * FROM `think_blog` WHERE  `delete_time` IS NULL ORDER BY `read_count` DESC LIMIT 10 [ RunTime:0.000335s ]
[ sql ] [ EXPLAIN : array (
  'id' => 1,
  'select_type' => 'SIMPLE',
  'table' => 'think_blog',
  'partitions' => NULL,
  'type' => 'ALL',
  'possible_keys' => NULL,
  'key' => NULL,
  'key_len' => NULL,
  'ref' => NULL,
  'rows' => 3,
  'filtered' => 33.333335876464844,
  'extra' => 'Using where; Using filesort',
) ]
[ sql ] [ SQL ] SELECT * FROM `think_cate` WHERE  `id` = 1 LIMIT 1 [ RunTime:0.000187s ]
[ sql ] [ EXPLAIN : array (
  'id' => 1,
  'select_type' => 'SIMPLE',
  'table' => 'think_cate',
  'partitions' => NULL,
  'type' => 'const',
  'possible_keys' => 'PRIMARY',
  'key' => 'PRIMARY',
  'key_len' => '4',
  'ref' => 'const',
  'rows' => 1,
  'filtered' => 100.0,
  'extra' => NULL,
) ]
[ sql ] [ SQL ] SELECT * FROM `think_blog` WHERE  `id` = 2 LIMIT 1 [ RunTime:0.000192s ]
[ sql ] [ EXPLAIN : array (
  'id' => 1,
  'select_type' => 'SIMPLE',
  'table' => 'think_blog',
  'partitions' => NULL,
  'type' => 'const',
  'possible_keys' => 'PRIMARY',
  'key' => 'PRIMARY',
  'key_len' => '4',
  'ref' => 'const',
  'rows' => 1,
  'filtered' => 100.0,
  'extra' => NULL,
) ]
[ sql ] [ SQL ] SELECT * FROM `think_cate` WHERE  `id` = 1 LIMIT 1 [ RunTime:0.000170s ]
[ sql ] [ EXPLAIN : array (
  'id' => 1,
  'select_type' => 'SIMPLE',
  'table' => 'think_cate',
  'partitions' => NULL,
  'type' => 'const',
  'possible_keys' => 'PRIMARY',
  'key' => 'PRIMARY',
  'key_len' => '4',
  'ref' => 'const',
  'rows' => 1,
  'filtered' => 100.0,
  'extra' => NULL,
) ]
[ sql ] [ SQL ] SELECT * FROM `think_blog` WHERE  `id` = 2 LIMIT 1 [ RunTime:0.000187s ]
[ sql ] [ EXPLAIN : array (
  'id' => 1,
  'select_type' => 'SIMPLE',
  'table' => 'think_blog',
  'partitions' => NULL,
  'type' => 'const',
  'possible_keys' => 'PRIMARY',
  'key' => 'PRIMARY',
  'key_len' => '4',
  'ref' => 'const',
  'rows' => 1,
  'filtered' => 100.0,
  'extra' => NULL,
) ]
[ sql ] [ SQL ] SELECT `think_tags`.*,pivot.id AS pivot__id,pivot.tag_id AS pivot__tag_id,pivot.blog_id AS pivot__blog_id,pivot.create_time AS pivot__create_time,pivot.update_time AS pivot__update_time,pivot.delete_time AS pivot__delete_time FROM `think_tags` INNER JOIN `think_blogs_tags` `pivot` ON `pivot`.`tag_id`=`think_tags`.`id` WHERE  `pivot`.`blog_id` = 2 [ RunTime:0.000261s ]
[ sql ] [ EXPLAIN : array (
  'id' => 1,
  'select_type' => 'SIMPLE',
  'table' => 'pivot',
  'partitions' => NULL,
  'type' => 'ALL',
  'possible_keys' => NULL,
  'key' => NULL,
  'key_len' => NULL,
  'ref' => NULL,
  'rows' => 4,
  'filtered' => 25.0,
  'extra' => 'Using where',
) ]
[ sql ] [ SQL ] SELECT * FROM `think_users` WHERE  `id` = 3 LIMIT 1 [ RunTime:0.000380s ]
[ sql ] [ EXPLAIN : array (
  'id' => 1,
  'select_type' => 'SIMPLE',
  'table' => 'think_users',
  'partitions' => NULL,
  'type' => 'const',
  'possible_keys' => 'PRIMARY',
  'key' => 'PRIMARY',
  'key_len' => '4',
  'ref' => 'const',
  'rows' => 1,
  'filtered' => 100.0,
  'extra' => NULL,
) ]
[ sql ] [ SQL ] SELECT * FROM `think_imagecate` WHERE  `id` = 4 LIMIT 1 [ RunTime:0.000268s ]
[ sql ] [ EXPLAIN : array (
  'id' => 1,
  'select_type' => 'SIMPLE',
  'table' => 'think_imagecate',
  'partitions' => NULL,
  'type' => 'const',
  'possible_keys' => 'PRIMARY',
  'key' => 'PRIMARY',
  'key_len' => '4',
  'ref' => 'const',
  'rows' => 1,
  'filtered' => 100.0,
  'extra' => NULL,
) ]
[ sql ] [ SQL ] SELECT * FROM `think_image` WHERE  `id` = 1 LIMIT 1 [ RunTime:0.000330s ]
[ sql ] [ EXPLAIN : array (
  'id' => 1,
  'select_type' => 'SIMPLE',
  'table' => 'think_image',
  'partitions' => NULL,
  'type' => 'const',
  'possible_keys' => 'PRIMARY',
  'key' => 'PRIMARY',
  'key_len' => '4',
  'ref' => 'const',
  'rows' => 1,
  'filtered' => 100.0,
  'extra' => NULL,
) ]
[ sql ] [ SQL ] SELECT COUNT(*) AS tp_count FROM `think_comments` WHERE  `blog_id` = 2 LIMIT 1 [ RunTime:0.000300s ]
[ sql ] [ EXPLAIN : array (
  'id' => 1,
  'select_type' => 'SIMPLE',
  'table' => 'think_comments',
  'partitions' => NULL,
  'type' => 'ALL',
  'possible_keys' => NULL,
  'key' => NULL,
  'key_len' => NULL,
  'ref' => NULL,
  'rows' => 1,
  'filtered' => 100.0,
  'extra' => 'Using where',
) ]
[ sql ] [ SQL ] SELECT * FROM `think_imagecate` WHERE  `id` = 2 LIMIT 1 [ RunTime:0.000286s ]
[ sql ] [ EXPLAIN : array (
  'id' => 1,
  'select_type' => 'SIMPLE',
  'table' => 'think_imagecate',
  'partitions' => NULL,
  'type' => 'const',
  'possible_keys' => 'PRIMARY',
  'key' => 'PRIMARY',
  'key_len' => '4',
  'ref' => 'const',
  'rows' => 1,
  'filtered' => 100.0,
  'extra' => NULL,
) ]
[ sql ] [ SQL ] SELECT * FROM `think_image` WHERE  `id` = 5 LIMIT 1 [ RunTime:0.000187s ]
[ sql ] [ EXPLAIN : array (
  'id' => 1,
  'select_type' => 'SIMPLE',
  'table' => 'think_image',
  'partitions' => NULL,
  'type' => 'const',
  'possible_keys' => 'PRIMARY',
  'key' => 'PRIMARY',
  'key_len' => '4',
  'ref' => 'const',
  'rows' => 1,
  'filtered' => 100.0,
  'extra' => NULL,
) ]
[ sql ] [ SQL ] SELECT * FROM `think_cate` WHERE  `id` = 8 LIMIT 1 [ RunTime:0.000187s ]
[ sql ] [ EXPLAIN : array (
  'id' => 1,
  'select_type' => 'SIMPLE',
  'table' => 'think_cate',
  'partitions' => NULL,
  'type' => 'const',
  'possible_keys' => 'PRIMARY',
  'key' => 'PRIMARY',
  'key_len' => '4',
  'ref' => 'const',
  'rows' => 1,
  'filtered' => 100.0,
  'extra' => NULL,
) ]
[ sql ] [ SQL ] SELECT * FROM `think_blog` WHERE  `id` = 3 LIMIT 1 [ RunTime:0.000272s ]
[ sql ] [ EXPLAIN : array (
  'id' => 1,
  'select_type' => 'SIMPLE',
  'table' => 'think_blog',
  'partitions' => NULL,
  'type' => 'const',
  'possible_keys' => 'PRIMARY',
  'key' => 'PRIMARY',
  'key_len' => '4',
  'ref' => 'const',
  'rows' => 1,
  'filtered' => 100.0,
  'extra' => NULL,
) ]
[ sql ] [ SQL ] SELECT * FROM `think_cate` WHERE  `id` = 8 LIMIT 1 [ RunTime:0.000175s ]
[ sql ] [ EXPLAIN : array (
  'id' => 1,
  'select_type' => 'SIMPLE',
  'table' => 'think_cate',
  'partitions' => NULL,
  'type' => 'const',
  'possible_keys' => 'PRIMARY',
  'key' => 'PRIMARY',
  'key_len' => '4',
  'ref' => 'const',
  'rows' => 1,
  'filtered' => 100.0,
  'extra' => NULL,
) ]
[ sql ] [ SQL ] SELECT * FROM `think_blog` WHERE  `id` = 3 LIMIT 1 [ RunTime:0.000239s ]
[ sql ] [ EXPLAIN : array (
  'id' => 1,
  'select_type' => 'SIMPLE',
  'table' => 'think_blog',
  'partitions' => NULL,
  'type' => 'const',
  'possible_keys' => 'PRIMARY',
  'key' => 'PRIMARY',
  'key_len' => '4',
  'ref' => 'const',
  'rows' => 1,
  'filtered' => 100.0,
  'extra' => NULL,
) ]
[ sql ] [ SQL ] SELECT `think_tags`.*,pivot.id AS pivot__id,pivot.tag_id AS pivot__tag_id,pivot.blog_id AS pivot__blog_id,pivot.create_time AS pivot__create_time,pivot.update_time AS pivot__update_time,pivot.delete_time AS pivot__delete_time FROM `think_tags` INNER JOIN `think_blogs_tags` `pivot` ON `pivot`.`tag_id`=`think_tags`.`id` WHERE  `pivot`.`blog_id` = 3 [ RunTime:0.000280s ]
[ sql ] [ EXPLAIN : array (
  'id' => 1,
  'select_type' => 'SIMPLE',
  'table' => 'pivot',
  'partitions' => NULL,
  'type' => 'ALL',
  'possible_keys' => NULL,
  'key' => NULL,
  'key_len' => NULL,
  'ref' => NULL,
  'rows' => 4,
  'filtered' => 25.0,
  'extra' => 'Using where',
) ]
[ sql ] [ SQL ] SELECT * FROM `think_users` WHERE  `id` = 1 LIMIT 1 [ RunTime:0.000236s ]
[ sql ] [ EXPLAIN : array (
  'id' => 1,
  'select_type' => 'SIMPLE',
  'table' => 'think_users',
  'partitions' => NULL,
  'type' => 'const',
  'possible_keys' => 'PRIMARY',
  'key' => 'PRIMARY',
  'key_len' => '4',
  'ref' => 'const',
  'rows' => 1,
  'filtered' => 100.0,
  'extra' => NULL,
) ]
[ sql ] [ SQL ] SELECT * FROM `think_imagecate` WHERE  `id` = 4 LIMIT 1 [ RunTime:0.000186s ]
[ sql ] [ EXPLAIN : array (
  'id' => 1,
  'select_type' => 'SIMPLE',
  'table' => 'think_imagecate',
  'partitions' => NULL,
  'type' => 'const',
  'possible_keys' => 'PRIMARY',
  'key' => 'PRIMARY',
  'key_len' => '4',
  'ref' => 'const',
  'rows' => 1,
  'filtered' => 100.0,
  'extra' => NULL,
) ]
[ sql ] [ SQL ] SELECT * FROM `think_image` WHERE  `id` = 1 LIMIT 1 [ RunTime:0.000175s ]
[ sql ] [ EXPLAIN : array (
  'id' => 1,
  'select_type' => 'SIMPLE',
  'table' => 'think_image',
  'partitions' => NULL,
  'type' => 'const',
  'possible_keys' => 'PRIMARY',
  'key' => 'PRIMARY',
  'key_len' => '4',
  'ref' => 'const',
  'rows' => 1,
  'filtered' => 100.0,
  'extra' => NULL,
) ]
[ sql ] [ SQL ] SELECT COUNT(*) AS tp_count FROM `think_comments` WHERE  `blog_id` = 3 LIMIT 1 [ RunTime:0.000168s ]
[ sql ] [ EXPLAIN : array (
  'id' => 1,
  'select_type' => 'SIMPLE',
  'table' => 'think_comments',
  'partitions' => NULL,
  'type' => 'ALL',
  'possible_keys' => NULL,
  'key' => NULL,
  'key_len' => NULL,
  'ref' => NULL,
  'rows' => 1,
  'filtered' => 100.0,
  'extra' => 'Using where',
) ]
[ sql ] [ SQL ] SELECT * FROM `think_imagecate` WHERE  `id` = 2 LIMIT 1 [ RunTime:0.000170s ]
[ sql ] [ EXPLAIN : array (
  'id' => 1,
  'select_type' => 'SIMPLE',
  'table' => 'think_imagecate',
  'partitions' => NULL,
  'type' => 'const',
  'possible_keys' => 'PRIMARY',
  'key' => 'PRIMARY',
  'key_len' => '4',
  'ref' => 'const',
  'rows' => 1,
  'filtered' => 100.0,
  'extra' => NULL,
) ]
[ sql ] [ SQL ] SELECT `unique_tag` FROM `think_blog` WHERE  `delete_time` IS NULL [ RunTime:0.000159s ]
[ sql ] [ EXPLAIN : array (
  'id' => 1,
  'select_type' => 'SIMPLE',
  'table' => 'think_blog',
  'partitions' => NULL,
  'type' => 'ALL',
  'possible_keys' => NULL,
  'key' => NULL,
  'key_len' => NULL,
  'ref' => NULL,
  'rows' => 3,
  'filtered' => 33.333335876464844,
  'extra' => 'Using where',
) ]
[ sql ] [ SQL ] SHOW COLUMNS FROM `think_links` [ RunTime:0.000546s ]
[ sql ] [ SQL ] SELECT `link_title`,`link` FROM `think_links` WHERE  `link_cate_id` = 3 [ RunTime:0.000216s ]
[ sql ] [ EXPLAIN : array (
  'id' => 1,
  'select_type' => 'SIMPLE',
  'table' => 'think_links',
  'partitions' => NULL,
  'type' => 'ALL',
  'possible_keys' => NULL,
  'key' => NULL,
  'key_len' => NULL,
  'ref' => NULL,
  'rows' => 31,
  'filtered' => 10.0,
  'extra' => 'Using where',
) ]
[ sql ] [ SQL ] SELECT * FROM `think_users` WHERE  `id` = 1 LIMIT 1 [ RunTime:0.000204s ]
[ sql ] [ EXPLAIN : array (
  'id' => 1,
  'select_type' => 'SIMPLE',
  'table' => 'think_users',
  'partitions' => NULL,
  'type' => 'const',
  'possible_keys' => 'PRIMARY',
  'key' => 'PRIMARY',
  'key_len' => '4',
  'ref' => 'const',
  'rows' => 1,
  'filtered' => 100.0,
  'extra' => NULL,
) ]
[ sql ] [ SQL ] SELECT * FROM `think_image` WHERE  `id` = 1 LIMIT 1 [ RunTime:0.000181s ]
[ sql ] [ EXPLAIN : array (
  'id' => 1,
  'select_type' => 'SIMPLE',
  'table' => 'think_image',
  'partitions' => NULL,
  'type' => 'const',
  'possible_keys' => 'PRIMARY',
  'key' => 'PRIMARY',
  'key_len' => '4',
  'ref' => 'const',
  'rows' => 1,
  'filtered' => 100.0,
  'extra' => NULL,
) ]
[ sql ] [ SQL ] SELECT * FROM `think_imagecate` WHERE  `id` = 4 LIMIT 1 [ RunTime:0.000184s ]
[ sql ] [ EXPLAIN : array (
  'id' => 1,
  'select_type' => 'SIMPLE',
  'table' => 'think_imagecate',
  'partitions' => NULL,
  'type' => 'const',
  'possible_keys' => 'PRIMARY',
  'key' => 'PRIMARY',
  'key_len' => '4',
  'ref' => 'const',
  'rows' => 1,
  'filtered' => 100.0,
  'extra' => NULL,
) ]
[ warn ] SQL:SELECT * FROM `think_blog` WHERE  `delete_time` IS NULL ORDER BY `update_time` DESC LIMIT 10 [Using where; Using filesort]
[ warn ] SQL:SELECT * FROM `think_blog` WHERE  `delete_time` IS NULL ORDER BY `read_count` DESC LIMIT 10 [Using where; Using filesort]
---------------------------------------------------------------
[ 2019-05-11T23:58:59+08:00 ] 127.0.0.1 GET localhost/uploads/master/b8377318aac8cc34b2d1a03ccc032b22.jpg
[运行时间：0.071837s] [吞吐率：13.92req/s] [内存消耗：1,590.88kb] [文件加载：38]
[ info ] [ LANG ] D:\server\nginx\html\phpapp\thinkphp\lang\zh-cn.php
[ info ] [ ROUTE ] array (
  'type' => 'module',
  'module' => 
  array (
    0 => 'uploads',
    1 => 'master',
    2 => 'b8377318aac8cc34b2d1a03ccc032b22.jpg',
  ),
)
[ info ] [ HEADER ] array (
  'cookie' => 'PHPSESSID=ecjbdpm9v6ec9h7gc85al5e9vu; thinkphp_show_page_trace=0|0; msgData=%3Cp%3E%3Ci%3E%20%20%E6%80%BB%E6%9C%89%E4%BA%9B%E6%83%8A%E5%A5%87%E7%9A%84%E9%99%85%E9%81%87%3Cbr%3E%E6%AF%94%E6%96%B9%E8%AF%B4%E5%BD%93%E6%88%91%E9%81%87%E8%A7%81%E4%BD%A0%EF%BC%81%3C%2Fi%3E%3C%2Fp%3E',
  'accept-language' => 'zh-CN,zh;q=0.9',
  'accept-encoding' => 'gzip, deflate, br',
  'referer' => 'http://localhost/',
  'accept' => 'image/webp,image/apng,image/*,*/*;q=0.8',
  'user-agent' => 'Mozilla/5.0 (Windows NT 6.3; Win64; x64) AppleWebKit/537.36 (KHTML, like Gecko) Chrome/72.0.3626.121 Safari/537.36',
  'connection' => 'keep-alive',
  'host' => 'localhost',
  'content-length' => '',
  'content-type' => '',
)
[ info ] [ PARAM ] array (
)
[ info ] [ LOG ] INIT File
